<?xml version="1.0" encoding="UTF-8"?>
<testng-results skipped="0" failed="1" total="1" passed="0">
  <reporter-output>
    <line>
      <![CDATA[<div style="color:Blue">INFO: [08-27-2014 03:32:19 051] Starting test TestGoogle</div>]]>
    </line>
    <line>
      <![CDATA[<div style="color:Blue">INFO: [08-27-2014 03:32:19 056] Running setUp before test</div>]]>
    </line>
    <line>
      <![CDATA[<div>DEBUG: [08-27-2014 03:32:22 671] Navigating to http://www.google.com/</div>]]>
    </line>
    <line>
      <![CDATA[<div>DEBUG: [08-27-2014 03:32:23 768] Finding Element By.id: gbqfq</div>]]>
    </line>
    <line>
      <![CDATA[<div>DEBUG: [08-27-2014 03:32:24 094] Verification Passed : Element (By.id: gbqfq) is visible </div>]]>
    </line>
    <line>
      <![CDATA[<div>DEBUG: [08-27-2014 03:32:24 096] Finding Element By.name: btnK</div>]]>
    </line>
    <line>
      <![CDATA[<div>DEBUG: [08-27-2014 03:32:24 246] Verification Passed : Element (By.name: btnK) is visible </div>]]>
    </line>
    <line>
      <![CDATA[<div>DEBUG: [08-27-2014 03:32:24 246] Finding Element By.name: btnI</div>]]>
    </line>
    <line>
      <![CDATA[<div>DEBUG: [08-27-2014 03:32:24 393] Verification Passed : Element (By.name: btnI) is visible </div>]]>
    </line>
    <line>
      <![CDATA[<div>DEBUG: [08-27-2014 03:32:24 394] Finding Element By.id: gb_70</div>]]>
    </line>
    <line>
      <![CDATA[<div>DEBUG: [08-27-2014 03:32:24 543] Verification Passed : Element (By.id: gb_70) is visible </div>]]>
    </line>
    <line>
      <![CDATA[<div>DEBUG: [08-27-2014 03:32:24 543] Finding Element By.className: gb_c</div>]]>
    </line>
    <line>
      <![CDATA[<div>DEBUG: [08-27-2014 03:32:26 588] Finding Element By.className: gb_c</div>]]>
    </line>
    <line>
      <![CDATA[<div>DEBUG: [08-27-2014 03:32:28 604] Finding Element By.className: gb_c</div>]]>
    </line>
    <line>
      <![CDATA[<div>DEBUG: [08-27-2014 03:32:30 610] Finding Element By.className: gb_c</div>]]>
    </line>
    <line>
      <![CDATA[<div>DEBUG: [08-27-2014 03:32:32 721] Finding Element By.className: gb_c</div>]]>
    </line>
    <line>
      <![CDATA[<div>DEBUG: [08-27-2014 03:32:34 741] Finding Element By.className: gb_c</div>]]>
    </line>
    <line>
      <![CDATA[<div style="background-color:red; color:white">ERROR: (08-27-2014 03:32:36 756) Verification Failed : Element (By.className: gb_c) is not visible </div>]]>
    </line>
    <line>
      <![CDATA[<img src="..\images\screenshot5705462427521664236.png"/>]]>
    </line>
    <line>
      <![CDATA[<div>DEBUG: [08-27-2014 03:32:36 848] Typing into Element [[FirefoxDriver: firefox on XP (b20fc678-1996-4cff-acc3-522001ae02ac)] -> id: gbqfq]</div>]]>
    </line>
    <line>
      <![CDATA[<div>DEBUG: [08-27-2014 03:32:36 878] Typing into Element [[FirefoxDriver: firefox on XP (b20fc678-1996-4cff-acc3-522001ae02ac)] -> id: gbqfq]</div>]]>
    </line>
    <line>
      <![CDATA[<div>DEBUG: [08-27-2014 03:32:37 003] Finding Element By.partialLinkText: Home « ProtoTest</div>]]>
    </line>
    <line>
      <![CDATA[<div>DEBUG: [08-27-2014 03:32:38 059] Finding Element By.partialLinkText: Home « ProtoTest</div>]]>
    </line>
    <line>
      <![CDATA[<div>DEBUG: [08-27-2014 03:32:38 504] Verification Passed : Element (By.partialLinkText: Home « ProtoTest) is present</div>]]>
    </line>
    <line>
      <![CDATA[<div>DEBUG: [08-27-2014 03:32:38 505] Finding Element By.partialLinkText: Home « ProtoTest</div>]]>
    </line>
    <line>
      <![CDATA[<div>DEBUG: [08-27-2014 03:32:38 995] Verification Passed : Element (By.partialLinkText: Home « ProtoTest) is visible </div>]]>
    </line>
    <line>
      <![CDATA[<div>DEBUG: [08-27-2014 03:32:38 996] Finding Element By.partialLinkText: Home « ProtoTest</div>]]>
    </line>
    <line>
      <![CDATA[<div>DEBUG: [08-27-2014 03:32:39 425] Clicking Element [[FirefoxDriver: firefox on XP (b20fc678-1996-4cff-acc3-522001ae02ac)] -> partial link text: Home « ProtoTest]</div>]]>
    </line>
    <line>
      <![CDATA[<div style="color:Blue">INFO: [08-27-2014 03:32:39 508] Ending test TestGoogle</div>]]>
    </line>
    <line>
      <![CDATA[<div style="color:Blue">INFO: [08-27-2014 03:32:39 509] Running tearDown() after test</div>]]>
    </line>
  </reporter-output>
  <suite name="Custom suite" duration-ms="20756" started-at="2014-08-27T21:32:19Z" finished-at="2014-08-27T21:32:39Z">
    <groups>
    </groups>
    <test name="appdriver-parent" duration-ms="20756" started-at="2014-08-27T21:32:19Z" finished-at="2014-08-27T21:32:39Z">
      <class name="com.prototest.appdriver.tests.GoogleTests">
        <test-method status="PASS" signature="browserTestBeforeMethod(java.lang.reflect.Method, java.lang.String, java.lang.String, java.lang.Integer)[pri:0, instance:com.prototest.appdriver.tests.GoogleTests@2d2e5f00]" name="browserTestBeforeMethod" is-config="true" duration-ms="3588" started-at="2014-08-27T15:32:19Z" finished-at="2014-08-27T15:32:22Z">
          <params>
            <param index="0">
              <value>
                <![CDATA[public void com.prototest.appdriver.tests.GoogleTests.TestGoogle()]]>
              </value>
            </param>
            <param index="1">
              <value is-null="true"/>
            </param>
            <param index="2">
              <value is-null="true"/>
            </param>
            <param index="3">
              <value is-null="true"/>
            </param>
          </params>
          <reporter-output>
            <line>
              <![CDATA[<div style="color:Blue">INFO: [08-27-2014 03:32:19 051] Starting test TestGoogle</div>]]>
            </line>
            <line>
              <![CDATA[<div style="color:Blue">INFO: [08-27-2014 03:32:19 056] Running setUp before test</div>]]>
            </line>
          </reporter-output>
        </test-method> <!-- browserTestBeforeMethod -->
        <test-method status="FAIL" signature="TestGoogle()[pri:0, instance:com.prototest.appdriver.tests.GoogleTests@2d2e5f00]" name="TestGoogle" duration-ms="16877" started-at="2014-08-27T15:32:22Z" finished-at="2014-08-27T15:32:39Z">
          <exception class="java.lang.AssertionError">
            <message>
              <![CDATA[The test failed due to verification errors:
	Element (By.className: gb_c) is not visible ]]>
            </message>
            <full-stacktrace>
              <![CDATA[java.lang.AssertionError: The test failed due to verification errors:
	Element (By.className: gb_c) is not visible 
	at org.testng.Assert.fail(Assert.java:94)
	at com.prototest.appdriver.Verifications.assertVerifications(Verifications.java:63)
	at com.prototest.appdriver.VerificationsListener.run(VerificationsListener.java:14)
	at sun.reflect.NativeMethodAccessorImpl.invoke0(Native Method)
	at sun.reflect.NativeMethodAccessorImpl.invoke(NativeMethodAccessorImpl.java:62)
	at sun.reflect.DelegatingMethodAccessorImpl.invoke(DelegatingMethodAccessorImpl.java:43)
	at java.lang.reflect.Method.invoke(Method.java:483)
	at org.testng.internal.MethodInvocationHelper.invokeHookable(MethodInvocationHelper.java:212)
	at org.testng.internal.Invoker.invokeMethod(Invoker.java:707)
	at org.testng.internal.Invoker.invokeTestMethod(Invoker.java:901)
	at org.testng.internal.Invoker.invokeTestMethods(Invoker.java:1231)
	at org.testng.internal.TestMethodWorker.invokeTestMethods(TestMethodWorker.java:127)
	at org.testng.internal.TestMethodWorker.run(TestMethodWorker.java:111)
	at org.testng.TestRunner.privateRun(TestRunner.java:767)
	at org.testng.TestRunner.run(TestRunner.java:617)
	at org.testng.SuiteRunner.runTest(SuiteRunner.java:334)
	at org.testng.SuiteRunner.runSequentially(SuiteRunner.java:329)
	at org.testng.SuiteRunner.privateRun(SuiteRunner.java:291)
	at org.testng.SuiteRunner.run(SuiteRunner.java:240)
	at org.testng.SuiteRunnerWorker.runSuite(SuiteRunnerWorker.java:52)
	at org.testng.SuiteRunnerWorker.run(SuiteRunnerWorker.java:86)
	at org.testng.TestNG.runSuitesSequentially(TestNG.java:1224)
	at org.testng.TestNG.runSuitesLocally(TestNG.java:1149)
	at org.testng.TestNG.run(TestNG.java:1057)
	at org.testng.remote.RemoteTestNG.run(RemoteTestNG.java:111)
	at org.testng.remote.RemoteTestNG.initAndRun(RemoteTestNG.java:204)
	at org.testng.remote.RemoteTestNG.main(RemoteTestNG.java:175)
	at org.testng.RemoteTestNGStarter.main(RemoteTestNGStarter.java:125)
	at sun.reflect.NativeMethodAccessorImpl.invoke0(Native Method)
	at sun.reflect.NativeMethodAccessorImpl.invoke(NativeMethodAccessorImpl.java:62)
	at sun.reflect.DelegatingMethodAccessorImpl.invoke(DelegatingMethodAccessorImpl.java:43)
	at java.lang.reflect.Method.invoke(Method.java:483)
	at com.intellij.rt.execution.application.AppMain.main(AppMain.java:134)
]]>
            </full-stacktrace>
          </exception> <!-- java.lang.AssertionError -->
          <reporter-output>
            <line>
              <![CDATA[<div>DEBUG: [08-27-2014 03:32:22 671] Navigating to http://www.google.com/</div>]]>
            </line>
            <line>
              <![CDATA[<div>DEBUG: [08-27-2014 03:32:23 768] Finding Element By.id: gbqfq</div>]]>
            </line>
            <line>
              <![CDATA[<div>DEBUG: [08-27-2014 03:32:24 094] Verification Passed : Element (By.id: gbqfq) is visible </div>]]>
            </line>
            <line>
              <![CDATA[<div>DEBUG: [08-27-2014 03:32:24 096] Finding Element By.name: btnK</div>]]>
            </line>
            <line>
              <![CDATA[<div>DEBUG: [08-27-2014 03:32:24 246] Verification Passed : Element (By.name: btnK) is visible </div>]]>
            </line>
            <line>
              <![CDATA[<div>DEBUG: [08-27-2014 03:32:24 246] Finding Element By.name: btnI</div>]]>
            </line>
            <line>
              <![CDATA[<div>DEBUG: [08-27-2014 03:32:24 393] Verification Passed : Element (By.name: btnI) is visible </div>]]>
            </line>
            <line>
              <![CDATA[<div>DEBUG: [08-27-2014 03:32:24 394] Finding Element By.id: gb_70</div>]]>
            </line>
            <line>
              <![CDATA[<div>DEBUG: [08-27-2014 03:32:24 543] Verification Passed : Element (By.id: gb_70) is visible </div>]]>
            </line>
            <line>
              <![CDATA[<div>DEBUG: [08-27-2014 03:32:24 543] Finding Element By.className: gb_c</div>]]>
            </line>
            <line>
              <![CDATA[<div>DEBUG: [08-27-2014 03:32:26 588] Finding Element By.className: gb_c</div>]]>
            </line>
            <line>
              <![CDATA[<div>DEBUG: [08-27-2014 03:32:28 604] Finding Element By.className: gb_c</div>]]>
            </line>
            <line>
              <![CDATA[<div>DEBUG: [08-27-2014 03:32:30 610] Finding Element By.className: gb_c</div>]]>
            </line>
            <line>
              <![CDATA[<div>DEBUG: [08-27-2014 03:32:32 721] Finding Element By.className: gb_c</div>]]>
            </line>
            <line>
              <![CDATA[<div>DEBUG: [08-27-2014 03:32:34 741] Finding Element By.className: gb_c</div>]]>
            </line>
            <line>
              <![CDATA[<div style="background-color:red; color:white">ERROR: (08-27-2014 03:32:36 756) Verification Failed : Element (By.className: gb_c) is not visible </div>]]>
            </line>
            <line>
              <![CDATA[<img src="..\images\screenshot5705462427521664236.png"/>]]>
            </line>
            <line>
              <![CDATA[<div>DEBUG: [08-27-2014 03:32:36 848] Typing into Element [[FirefoxDriver: firefox on XP (b20fc678-1996-4cff-acc3-522001ae02ac)] -> id: gbqfq]</div>]]>
            </line>
            <line>
              <![CDATA[<div>DEBUG: [08-27-2014 03:32:36 878] Typing into Element [[FirefoxDriver: firefox on XP (b20fc678-1996-4cff-acc3-522001ae02ac)] -> id: gbqfq]</div>]]>
            </line>
            <line>
              <![CDATA[<div>DEBUG: [08-27-2014 03:32:37 003] Finding Element By.partialLinkText: Home « ProtoTest</div>]]>
            </line>
            <line>
              <![CDATA[<div>DEBUG: [08-27-2014 03:32:38 059] Finding Element By.partialLinkText: Home « ProtoTest</div>]]>
            </line>
            <line>
              <![CDATA[<div>DEBUG: [08-27-2014 03:32:38 504] Verification Passed : Element (By.partialLinkText: Home « ProtoTest) is present</div>]]>
            </line>
            <line>
              <![CDATA[<div>DEBUG: [08-27-2014 03:32:38 505] Finding Element By.partialLinkText: Home « ProtoTest</div>]]>
            </line>
            <line>
              <![CDATA[<div>DEBUG: [08-27-2014 03:32:38 995] Verification Passed : Element (By.partialLinkText: Home « ProtoTest) is visible </div>]]>
            </line>
            <line>
              <![CDATA[<div>DEBUG: [08-27-2014 03:32:38 996] Finding Element By.partialLinkText: Home « ProtoTest</div>]]>
            </line>
            <line>
              <![CDATA[<div>DEBUG: [08-27-2014 03:32:39 425] Clicking Element [[FirefoxDriver: firefox on XP (b20fc678-1996-4cff-acc3-522001ae02ac)] -> partial link text: Home « ProtoTest]</div>]]>
            </line>
          </reporter-output>
        </test-method> <!-- TestGoogle -->
        <test-method status="PASS" signature="browserTestAfterMethod(java.lang.reflect.Method)[pri:0, instance:com.prototest.appdriver.tests.GoogleTests@2d2e5f00]" name="browserTestAfterMethod" is-config="true" duration-ms="278" started-at="2014-08-27T15:32:39Z" finished-at="2014-08-27T15:32:39Z">
          <params>
            <param index="0">
              <value>
                <![CDATA[public void com.prototest.appdriver.tests.GoogleTests.TestGoogle()]]>
              </value>
            </param>
          </params>
          <reporter-output>
            <line>
              <![CDATA[<div style="color:Blue">INFO: [08-27-2014 03:32:39 508] Ending test TestGoogle</div>]]>
            </line>
            <line>
              <![CDATA[<div style="color:Blue">INFO: [08-27-2014 03:32:39 509] Running tearDown() after test</div>]]>
            </line>
          </reporter-output>
        </test-method> <!-- browserTestAfterMethod -->
      </class> <!-- com.prototest.appdriver.tests.GoogleTests -->
    </test> <!-- appdriver-parent -->
  </suite> <!-- Custom suite -->
</testng-results>
