<?xml version="1.0" encoding="UTF-8"?>
<testng-results skipped="0" failed="1" total="1" passed="0">
  <reporter-output>
    <line>
      <![CDATA[<div style="color:Blue">INFO: [07-16-2014 03:59:41 588] Starting test TestGoogle</div>]]>
    </line>
    <line>
      <![CDATA[<div style="color:Blue">INFO: [07-16-2014 03:59:41 595] Running setUp before test</div>]]>
    </line>
    <line>
      <![CDATA[<div>DEBUG: [07-16-2014 03:59:43 805] launchBrowser(): Using browser = Chrome</div>]]>
    </line>
    <line>
      <![CDATA[<div>DEBUG: [07-16-2014 03:59:44 183] Navigating to http://www.google.com/</div>]]>
    </line>
    <line>
      <![CDATA[<div>DEBUG: [07-16-2014 03:59:47 005] Finding Element By.name: q</div>]]>
    </line>
    <line>
      <![CDATA[<div>DEBUG: [07-16-2014 03:59:47 172] Verification Passed : Element (By.name: q) is visible </div>]]>
    </line>
    <line>
      <![CDATA[<div>DEBUG: [07-16-2014 03:59:47 174] Finding Element By.name: btnK</div>]]>
    </line>
    <line>
      <![CDATA[<div>DEBUG: [07-16-2014 03:59:47 312] Verification Passed : Element (By.name: btnK) is visible </div>]]>
    </line>
    <line>
      <![CDATA[<div>DEBUG: [07-16-2014 03:59:47 313] Finding Element By.name: btnI</div>]]>
    </line>
    <line>
      <![CDATA[<div>DEBUG: [07-16-2014 03:59:47 444] Verification Passed : Element (By.name: btnI) is visible </div>]]>
    </line>
    <line>
      <![CDATA[<div>DEBUG: [07-16-2014 03:59:47 444] Finding Element By.className: gbit</div>]]>
    </line>
    <line>
      <![CDATA[<div>DEBUG: [07-16-2014 03:59:48 473] Finding Element By.className: gbit</div>]]>
    </line>
    <line>
      <![CDATA[<div>DEBUG: [07-16-2014 03:59:49 506] Finding Element By.className: gbit</div>]]>
    </line>
    <line>
      <![CDATA[<div>DEBUG: [07-16-2014 03:59:50 528] Finding Element By.className: gbit</div>]]>
    </line>
    <line>
      <![CDATA[<div>DEBUG: [07-16-2014 03:59:51 557] Finding Element By.className: gbit</div>]]>
    </line>
    <line>
      <![CDATA[<div style="background-color:red; color:white">ERROR: (07-16-2014 03:59:52 588) Verification Failed : Element (By.className: gbit) is not visible </div>]]>
    </line>
    <line>
      <![CDATA[<img src="..\images\screenshot3378654680709151024.png"/>]]>
    </line>
    <line>
      <![CDATA[<div>DEBUG: [07-16-2014 03:59:52 954] Finding Element By.className: gbts</div>]]>
    </line>
    <line>
      <![CDATA[<div>DEBUG: [07-16-2014 03:59:54 009] Finding Element By.className: gbts</div>]]>
    </line>
    <line>
      <![CDATA[<div>DEBUG: [07-16-2014 03:59:55 032] Finding Element By.className: gbts</div>]]>
    </line>
    <line>
      <![CDATA[<div>DEBUG: [07-16-2014 03:59:56 043] Finding Element By.className: gbts</div>]]>
    </line>
    <line>
      <![CDATA[<div>DEBUG: [07-16-2014 03:59:57 057] Finding Element By.className: gbts</div>]]>
    </line>
    <line>
      <![CDATA[<div style="background-color:red; color:white">ERROR: (07-16-2014 03:59:58 086) Verification Failed : Element (By.className: gbts) is not visible </div>]]>
    </line>
    <line>
      <![CDATA[<img src="..\images\screenshot1699119397741376411.png"/>]]>
    </line>
    <line>
      <![CDATA[<div>DEBUG: [07-16-2014 03:59:58 413] Typing into Element [[ChromeDriver: chrome on WIN8_1 (54151bfe0a3706e1dc2dd15618c66d65)] -> name: q]</div>]]>
    </line>
    <line>
      <![CDATA[<div>DEBUG: [07-16-2014 03:59:58 447] Typing into Element [[ChromeDriver: chrome on WIN8_1 (54151bfe0a3706e1dc2dd15618c66d65)] -> name: q]</div>]]>
    </line>
    <line>
      <![CDATA[<div>DEBUG: [07-16-2014 03:59:58 615] Finding Element By.partialLinkText: Home « ProtoTest</div>]]>
    </line>
    <line>
      <![CDATA[<div>DEBUG: [07-16-2014 03:59:59 665] Finding Element By.partialLinkText: Home « ProtoTest</div>]]>
    </line>
    <line>
      <![CDATA[<div>DEBUG: [07-16-2014 03:59:59 954] Verification Passed : Element (By.partialLinkText: Home « ProtoTest) is present</div>]]>
    </line>
    <line>
      <![CDATA[<div>DEBUG: [07-16-2014 03:59:59 955] Finding Element By.partialLinkText: Home « ProtoTest</div>]]>
    </line>
    <line>
      <![CDATA[<div>DEBUG: [07-16-2014 04:00:00 251] Verification Passed : Element (By.partialLinkText: Home « ProtoTest) is visible </div>]]>
    </line>
    <line>
      <![CDATA[<div>DEBUG: [07-16-2014 04:00:00 254] Finding Element By.partialLinkText: asdfasdf</div>]]>
    </line>
    <line>
      <![CDATA[<div>DEBUG: [07-16-2014 04:00:01 472] Finding Element By.partialLinkText: asdfasdf</div>]]>
    </line>
    <line>
      <![CDATA[<div>DEBUG: [07-16-2014 04:00:02 735] Finding Element By.partialLinkText: asdfasdf</div>]]>
    </line>
    <line>
      <![CDATA[<div>DEBUG: [07-16-2014 04:00:03 889] Finding Element By.partialLinkText: asdfasdf</div>]]>
    </line>
    <line>
      <![CDATA[<div>DEBUG: [07-16-2014 04:00:05 093] Finding Element By.partialLinkText: asdfasdf</div>]]>
    </line>
    <line>
      <![CDATA[<div>DEBUG: [07-16-2014 04:00:06 277] Verification Passed : Element (By.partialLinkText: asdfasdf) is not present</div>]]>
    </line>
    <line>
      <![CDATA[<div>DEBUG: [07-16-2014 04:00:06 277] Finding Element By.partialLinkText: asdfasdf</div>]]>
    </line>
    <line>
      <![CDATA[<div>DEBUG: [07-16-2014 04:00:07 449] Finding Element By.partialLinkText: asdfasdf</div>]]>
    </line>
    <line>
      <![CDATA[<div>DEBUG: [07-16-2014 04:00:08 630] Finding Element By.partialLinkText: asdfasdf</div>]]>
    </line>
    <line>
      <![CDATA[<div>DEBUG: [07-16-2014 04:00:09 829] Finding Element By.partialLinkText: asdfasdf</div>]]>
    </line>
    <line>
      <![CDATA[<div>DEBUG: [07-16-2014 04:00:11 008] Finding Element By.partialLinkText: asdfasdf</div>]]>
    </line>
    <line>
      <![CDATA[<div>DEBUG: [07-16-2014 04:00:12 176] Verification Passed : Element (By.partialLinkText: asdfasdf) is not visible </div>]]>
    </line>
    <line>
      <![CDATA[<div>DEBUG: [07-16-2014 04:00:12 176] Finding Element By.partialLinkText: Home « ProtoTest</div>]]>
    </line>
    <line>
      <![CDATA[<div>DEBUG: [07-16-2014 04:00:12 391] Clicking Element [[ChromeDriver: chrome on WIN8_1 (54151bfe0a3706e1dc2dd15618c66d65)] -> partial link text: Home « ProtoTest]</div>]]>
    </line>
    <line>
      <![CDATA[<div style="background-color:red; color:white">ERROR: (07-16-2014 04:00:14 384) Test Failed, taking a screenshot</div>]]>
    </line>
    <line>
      <![CDATA[<img src="..\images\screenshot8950296097944848841.png"/>]]>
    </line>
    <line>
      <![CDATA[<div style="color:Blue">INFO: [07-16-2014 04:00:14 760] Ending test TestGoogle</div>]]>
    </line>
    <line>
      <![CDATA[<div style="color:Blue">INFO: [07-16-2014 04:00:14 761] Running tearDown() after test</div>]]>
    </line>
  </reporter-output>
  <suite name="Custom suite" duration-ms="34530" started-at="2014-07-16T21:59:41Z" finished-at="2014-07-16T22:00:16Z">
    <groups>
    </groups>
    <test name="appdriver-parent" duration-ms="34530" started-at="2014-07-16T21:59:41Z" finished-at="2014-07-16T22:00:16Z">
      <class name="com.prototest.appdriver.tests.GoogleTests">
        <test-method status="PASS" signature="browserTestBeforeMethod(java.lang.reflect.Method)[pri:0, instance:com.prototest.appdriver.tests.GoogleTests@2f7c7260]" name="browserTestBeforeMethod" is-config="true" duration-ms="2677" started-at="2014-07-16T15:59:41Z" finished-at="2014-07-16T15:59:44Z">
          <params>
            <param index="0">
              <value>
                <![CDATA[public void com.prototest.appdriver.tests.GoogleTests.TestGoogle()]]>
              </value>
            </param>
          </params>
          <reporter-output>
            <line>
              <![CDATA[<div style="color:Blue">INFO: [07-16-2014 03:59:41 588] Starting test TestGoogle</div>]]>
            </line>
            <line>
              <![CDATA[<div style="color:Blue">INFO: [07-16-2014 03:59:41 595] Running setUp before test</div>]]>
            </line>
            <line>
              <![CDATA[<div>DEBUG: [07-16-2014 03:59:43 805] launchBrowser(): Using browser = Chrome</div>]]>
            </line>
          </reporter-output>
        </test-method> <!-- browserTestBeforeMethod -->
        <test-method status="FAIL" signature="TestGoogle()[pri:0, instance:com.prototest.appdriver.tests.GoogleTests@2f7c7260]" name="TestGoogle" duration-ms="30217" started-at="2014-07-16T15:59:44Z" finished-at="2014-07-16T16:00:14Z">
          <exception class="java.lang.AssertionError">
            <message>
              <![CDATA[The test failed due to verification errors:
	Element (By.className: gbit) is not visible 	Element (By.className: gbts) is not visible ]]>
            </message>
            <full-stacktrace>
              <![CDATA[java.lang.AssertionError: The test failed due to verification errors:
	Element (By.className: gbit) is not visible 	Element (By.className: gbts) is not visible 
	at org.testng.Assert.fail(Assert.java:94)
	at com.prototest.appdriver.Verifications.assertVerifications(Verifications.java:59)
	at com.prototest.appdriver.VerificationsListener.run(VerificationsListener.java:14)
	at sun.reflect.NativeMethodAccessorImpl.invoke0(Native Method)
	at sun.reflect.NativeMethodAccessorImpl.invoke(NativeMethodAccessorImpl.java:62)
	at sun.reflect.DelegatingMethodAccessorImpl.invoke(DelegatingMethodAccessorImpl.java:43)
	at java.lang.reflect.Method.invoke(Method.java:483)
	at org.testng.internal.MethodInvocationHelper.invokeHookable(MethodInvocationHelper.java:212)
	at org.testng.internal.Invoker.invokeMethod(Invoker.java:707)
	at org.testng.internal.Invoker.invokeTestMethod(Invoker.java:901)
	at org.testng.internal.Invoker.invokeTestMethods(Invoker.java:1231)
	at org.testng.internal.TestMethodWorker.invokeTestMethods(TestMethodWorker.java:127)
	at org.testng.internal.TestMethodWorker.run(TestMethodWorker.java:111)
	at org.testng.TestRunner.privateRun(TestRunner.java:767)
	at org.testng.TestRunner.run(TestRunner.java:617)
	at org.testng.SuiteRunner.runTest(SuiteRunner.java:334)
	at org.testng.SuiteRunner.runSequentially(SuiteRunner.java:329)
	at org.testng.SuiteRunner.privateRun(SuiteRunner.java:291)
	at org.testng.SuiteRunner.run(SuiteRunner.java:240)
	at org.testng.SuiteRunnerWorker.runSuite(SuiteRunnerWorker.java:52)
	at org.testng.SuiteRunnerWorker.run(SuiteRunnerWorker.java:86)
	at org.testng.TestNG.runSuitesSequentially(TestNG.java:1224)
	at org.testng.TestNG.runSuitesLocally(TestNG.java:1149)
	at org.testng.TestNG.run(TestNG.java:1057)
	at org.testng.remote.RemoteTestNG.run(RemoteTestNG.java:111)
	at org.testng.remote.RemoteTestNG.initAndRun(RemoteTestNG.java:204)
	at org.testng.remote.RemoteTestNG.main(RemoteTestNG.java:175)
	at org.testng.RemoteTestNGStarter.main(RemoteTestNGStarter.java:125)
	at sun.reflect.NativeMethodAccessorImpl.invoke0(Native Method)
	at sun.reflect.NativeMethodAccessorImpl.invoke(NativeMethodAccessorImpl.java:62)
	at sun.reflect.DelegatingMethodAccessorImpl.invoke(DelegatingMethodAccessorImpl.java:43)
	at java.lang.reflect.Method.invoke(Method.java:483)
	at com.intellij.rt.execution.application.AppMain.main(AppMain.java:134)
]]>
            </full-stacktrace>
          </exception> <!-- java.lang.AssertionError -->
          <reporter-output>
            <line>
              <![CDATA[<div>DEBUG: [07-16-2014 03:59:44 183] Navigating to http://www.google.com/</div>]]>
            </line>
            <line>
              <![CDATA[<div>DEBUG: [07-16-2014 03:59:47 005] Finding Element By.name: q</div>]]>
            </line>
            <line>
              <![CDATA[<div>DEBUG: [07-16-2014 03:59:47 172] Verification Passed : Element (By.name: q) is visible </div>]]>
            </line>
            <line>
              <![CDATA[<div>DEBUG: [07-16-2014 03:59:47 174] Finding Element By.name: btnK</div>]]>
            </line>
            <line>
              <![CDATA[<div>DEBUG: [07-16-2014 03:59:47 312] Verification Passed : Element (By.name: btnK) is visible </div>]]>
            </line>
            <line>
              <![CDATA[<div>DEBUG: [07-16-2014 03:59:47 313] Finding Element By.name: btnI</div>]]>
            </line>
            <line>
              <![CDATA[<div>DEBUG: [07-16-2014 03:59:47 444] Verification Passed : Element (By.name: btnI) is visible </div>]]>
            </line>
            <line>
              <![CDATA[<div>DEBUG: [07-16-2014 03:59:47 444] Finding Element By.className: gbit</div>]]>
            </line>
            <line>
              <![CDATA[<div>DEBUG: [07-16-2014 03:59:48 473] Finding Element By.className: gbit</div>]]>
            </line>
            <line>
              <![CDATA[<div>DEBUG: [07-16-2014 03:59:49 506] Finding Element By.className: gbit</div>]]>
            </line>
            <line>
              <![CDATA[<div>DEBUG: [07-16-2014 03:59:50 528] Finding Element By.className: gbit</div>]]>
            </line>
            <line>
              <![CDATA[<div>DEBUG: [07-16-2014 03:59:51 557] Finding Element By.className: gbit</div>]]>
            </line>
            <line>
              <![CDATA[<div style="background-color:red; color:white">ERROR: (07-16-2014 03:59:52 588) Verification Failed : Element (By.className: gbit) is not visible </div>]]>
            </line>
            <line>
              <![CDATA[<img src="..\images\screenshot3378654680709151024.png"/>]]>
            </line>
            <line>
              <![CDATA[<div>DEBUG: [07-16-2014 03:59:52 954] Finding Element By.className: gbts</div>]]>
            </line>
            <line>
              <![CDATA[<div>DEBUG: [07-16-2014 03:59:54 009] Finding Element By.className: gbts</div>]]>
            </line>
            <line>
              <![CDATA[<div>DEBUG: [07-16-2014 03:59:55 032] Finding Element By.className: gbts</div>]]>
            </line>
            <line>
              <![CDATA[<div>DEBUG: [07-16-2014 03:59:56 043] Finding Element By.className: gbts</div>]]>
            </line>
            <line>
              <![CDATA[<div>DEBUG: [07-16-2014 03:59:57 057] Finding Element By.className: gbts</div>]]>
            </line>
            <line>
              <![CDATA[<div style="background-color:red; color:white">ERROR: (07-16-2014 03:59:58 086) Verification Failed : Element (By.className: gbts) is not visible </div>]]>
            </line>
            <line>
              <![CDATA[<img src="..\images\screenshot1699119397741376411.png"/>]]>
            </line>
            <line>
              <![CDATA[<div>DEBUG: [07-16-2014 03:59:58 413] Typing into Element [[ChromeDriver: chrome on WIN8_1 (54151bfe0a3706e1dc2dd15618c66d65)] -> name: q]</div>]]>
            </line>
            <line>
              <![CDATA[<div>DEBUG: [07-16-2014 03:59:58 447] Typing into Element [[ChromeDriver: chrome on WIN8_1 (54151bfe0a3706e1dc2dd15618c66d65)] -> name: q]</div>]]>
            </line>
            <line>
              <![CDATA[<div>DEBUG: [07-16-2014 03:59:58 615] Finding Element By.partialLinkText: Home « ProtoTest</div>]]>
            </line>
            <line>
              <![CDATA[<div>DEBUG: [07-16-2014 03:59:59 665] Finding Element By.partialLinkText: Home « ProtoTest</div>]]>
            </line>
            <line>
              <![CDATA[<div>DEBUG: [07-16-2014 03:59:59 954] Verification Passed : Element (By.partialLinkText: Home « ProtoTest) is present</div>]]>
            </line>
            <line>
              <![CDATA[<div>DEBUG: [07-16-2014 03:59:59 955] Finding Element By.partialLinkText: Home « ProtoTest</div>]]>
            </line>
            <line>
              <![CDATA[<div>DEBUG: [07-16-2014 04:00:00 251] Verification Passed : Element (By.partialLinkText: Home « ProtoTest) is visible </div>]]>
            </line>
            <line>
              <![CDATA[<div>DEBUG: [07-16-2014 04:00:00 254] Finding Element By.partialLinkText: asdfasdf</div>]]>
            </line>
            <line>
              <![CDATA[<div>DEBUG: [07-16-2014 04:00:01 472] Finding Element By.partialLinkText: asdfasdf</div>]]>
            </line>
            <line>
              <![CDATA[<div>DEBUG: [07-16-2014 04:00:02 735] Finding Element By.partialLinkText: asdfasdf</div>]]>
            </line>
            <line>
              <![CDATA[<div>DEBUG: [07-16-2014 04:00:03 889] Finding Element By.partialLinkText: asdfasdf</div>]]>
            </line>
            <line>
              <![CDATA[<div>DEBUG: [07-16-2014 04:00:05 093] Finding Element By.partialLinkText: asdfasdf</div>]]>
            </line>
            <line>
              <![CDATA[<div>DEBUG: [07-16-2014 04:00:06 277] Verification Passed : Element (By.partialLinkText: asdfasdf) is not present</div>]]>
            </line>
            <line>
              <![CDATA[<div>DEBUG: [07-16-2014 04:00:06 277] Finding Element By.partialLinkText: asdfasdf</div>]]>
            </line>
            <line>
              <![CDATA[<div>DEBUG: [07-16-2014 04:00:07 449] Finding Element By.partialLinkText: asdfasdf</div>]]>
            </line>
            <line>
              <![CDATA[<div>DEBUG: [07-16-2014 04:00:08 630] Finding Element By.partialLinkText: asdfasdf</div>]]>
            </line>
            <line>
              <![CDATA[<div>DEBUG: [07-16-2014 04:00:09 829] Finding Element By.partialLinkText: asdfasdf</div>]]>
            </line>
            <line>
              <![CDATA[<div>DEBUG: [07-16-2014 04:00:11 008] Finding Element By.partialLinkText: asdfasdf</div>]]>
            </line>
            <line>
              <![CDATA[<div>DEBUG: [07-16-2014 04:00:12 176] Verification Passed : Element (By.partialLinkText: asdfasdf) is not visible </div>]]>
            </line>
            <line>
              <![CDATA[<div>DEBUG: [07-16-2014 04:00:12 176] Finding Element By.partialLinkText: Home « ProtoTest</div>]]>
            </line>
            <line>
              <![CDATA[<div>DEBUG: [07-16-2014 04:00:12 391] Clicking Element [[ChromeDriver: chrome on WIN8_1 (54151bfe0a3706e1dc2dd15618c66d65)] -> partial link text: Home « ProtoTest]</div>]]>
            </line>
            <line>
              <![CDATA[<div style="background-color:red; color:white">ERROR: (07-16-2014 04:00:14 384) Test Failed, taking a screenshot</div>]]>
            </line>
            <line>
              <![CDATA[<img src="..\images\screenshot8950296097944848841.png"/>]]>
            </line>
          </reporter-output>
        </test-method> <!-- TestGoogle -->
        <test-method status="PASS" signature="browserTestAfterMethod(java.lang.reflect.Method)[pri:0, instance:com.prototest.appdriver.tests.GoogleTests@2f7c7260]" name="browserTestAfterMethod" is-config="true" duration-ms="1239" started-at="2014-07-16T16:00:14Z" finished-at="2014-07-16T16:00:15Z">
          <params>
            <param index="0">
              <value>
                <![CDATA[public void com.prototest.appdriver.tests.GoogleTests.TestGoogle()]]>
              </value>
            </param>
          </params>
          <reporter-output>
            <line>
              <![CDATA[<div style="color:Blue">INFO: [07-16-2014 04:00:14 760] Ending test TestGoogle</div>]]>
            </line>
            <line>
              <![CDATA[<div style="color:Blue">INFO: [07-16-2014 04:00:14 761] Running tearDown() after test</div>]]>
            </line>
          </reporter-output>
        </test-method> <!-- browserTestAfterMethod -->
      </class> <!-- com.prototest.appdriver.tests.GoogleTests -->
    </test> <!-- appdriver-parent -->
  </suite> <!-- Custom suite -->
</testng-results>
