<?xml version="1.0" encoding="UTF-8"?>
<testng-results skipped="0" failed="1" total="1" passed="0">
  <reporter-output>
    <line>
      <![CDATA[<div style="color:Blue">INFO: [08-27-2014 03:49:07 960] Starting test TestParallel</div>]]>
    </line>
    <line>
      <![CDATA[<div style="color:Blue">INFO: [08-27-2014 03:49:07 963] Running setUp before test</div>]]>
    </line>
    <line>
      <![CDATA[<div style="color:Blue">INFO: [08-27-2014 03:49:07 963] !!!!!!!!! setChrome = true thread id is 1</div>]]>
    </line>
    <line>
      <![CDATA[<div style="color:Blue">INFO: [08-27-2014 03:49:09 878] !!!!!!!!! setChrome = true current browsa is EventFiringWebDriver thread id is 1</div>]]>
    </line>
    <line>
      <![CDATA[<div>DEBUG: [08-27-2014 03:49:09 904] Navigating to http://www.google.com/</div>]]>
    </line>
    <line>
      <![CDATA[<div>DEBUG: [08-27-2014 03:49:11 942] Finding Element By.id: hplogo</div>]]>
    </line>
    <line>
      <![CDATA[<div>DEBUG: [08-27-2014 03:49:12 094] Verification Passed : Element (By.id: hplogo) is visible </div>]]>
    </line>
    <line>
      <![CDATA[<div>DEBUG: [08-27-2014 03:49:12 095] Finding Element By.id: gbqfq</div>]]>
    </line>
    <line>
      <![CDATA[<div>DEBUG: [08-27-2014 03:49:12 235] Verification Passed : Element (By.id: gbqfq) is visible </div>]]>
    </line>
    <line>
      <![CDATA[<div>DEBUG: [08-27-2014 03:49:12 236] Finding Element By.name: btnK</div>]]>
    </line>
    <line>
      <![CDATA[<div>DEBUG: [08-27-2014 03:49:12 371] Verification Passed : Element (By.name: btnK) is visible </div>]]>
    </line>
    <line>
      <![CDATA[<div>DEBUG: [08-27-2014 03:49:12 372] Finding Element By.name: btnI</div>]]>
    </line>
    <line>
      <![CDATA[<div>DEBUG: [08-27-2014 03:49:12 533] Verification Passed : Element (By.name: btnI) is visible </div>]]>
    </line>
    <line>
      <![CDATA[<div>DEBUG: [08-27-2014 03:49:12 534] Finding Element By.id: gb_70</div>]]>
    </line>
    <line>
      <![CDATA[<div>DEBUG: [08-27-2014 03:49:12 672] Verification Passed : Element (By.id: gb_70) is visible </div>]]>
    </line>
    <line>
      <![CDATA[<div>DEBUG: [08-27-2014 03:49:12 673] Finding Element By.linkText: Gmail</div>]]>
    </line>
    <line>
      <![CDATA[<div>DEBUG: [08-27-2014 03:49:12 829] Verification Passed : Element (By.linkText: Gmail) is visible </div>]]>
    </line>
    <line>
      <![CDATA[<div>DEBUG: [08-27-2014 03:49:12 837] Typing into Element [[ChromeDriver: chrome on WIN8_1 (38d57c94a17bdb1b121ce4b88360dbc5)] -> id: gbqfq]</div>]]>
    </line>
    <line>
      <![CDATA[<div>DEBUG: [08-27-2014 03:49:12 867] Typing into Element [[ChromeDriver: chrome on WIN8_1 (38d57c94a17bdb1b121ce4b88360dbc5)] -> id: gbqfq]</div>]]>
    </line>
    <line>
      <![CDATA[<div>DEBUG: [08-27-2014 03:49:12 977] Finding Element By.className: gb_Fa</div>]]>
    </line>
    <line>
      <![CDATA[<div>DEBUG: [08-27-2014 03:49:13 309] Verification Passed : Element (By.className: gb_Fa) is visible </div>]]>
    </line>
    <line>
      <![CDATA[<div>DEBUG: [08-27-2014 03:49:13 310] Finding Element By.name: q</div>]]>
    </line>
    <line>
      <![CDATA[<div>DEBUG: [08-27-2014 03:49:13 681] Verification Passed : Element (By.name: q) is visible </div>]]>
    </line>
    <line>
      <![CDATA[<div>DEBUG: [08-27-2014 03:49:13 681] Finding Element By.linkText: Sign in</div>]]>
    </line>
    <line>
      <![CDATA[<div>DEBUG: [08-27-2014 03:49:14 012] Verification Passed : Element (By.linkText: Sign in) is visible </div>]]>
    </line>
    <line>
      <![CDATA[<div>DEBUG: [08-27-2014 03:49:14 013] Finding Element By.id: gbwa</div>]]>
    </line>
    <line>
      <![CDATA[<div>DEBUG: [08-27-2014 03:49:14 146] Verification Passed : Element (By.id: gbwa) is visible </div>]]>
    </line>
    <line>
      <![CDATA[<div>DEBUG: [08-27-2014 03:49:14 147] Finding Element By.id: abar_button_opt</div>]]>
    </line>
    <line>
      <![CDATA[<div>DEBUG: [08-27-2014 03:49:14 286] Verification Passed : Element (By.id: abar_button_opt) is visible </div>]]>
    </line>
    <line>
      <![CDATA[<div>DEBUG: [08-27-2014 03:49:14 286] Finding Element By.name: btnK</div>]]>
    </line>
    <line>
      <![CDATA[<div>DEBUG: [08-27-2014 03:49:15 349] Finding Element By.name: btnK</div>]]>
    </line>
    <line>
      <![CDATA[<div>DEBUG: [08-27-2014 03:49:16 412] Finding Element By.name: btnK</div>]]>
    </line>
    <line>
      <![CDATA[<div>DEBUG: [08-27-2014 03:49:17 480] Finding Element By.name: btnK</div>]]>
    </line>
    <line>
      <![CDATA[<div>DEBUG: [08-27-2014 03:49:18 542] Finding Element By.name: btnK</div>]]>
    </line>
    <line>
      <![CDATA[<div>DEBUG: [08-27-2014 03:49:19 603] Finding Element By.name: btnK</div>]]>
    </line>
    <line>
      <![CDATA[<div>DEBUG: [08-27-2014 03:49:20 665] Finding Element By.name: btnK</div>]]>
    </line>
    <line>
      <![CDATA[<div>DEBUG: [08-27-2014 03:49:21 731] Finding Element By.name: btnK</div>]]>
    </line>
    <line>
      <![CDATA[<div>DEBUG: [08-27-2014 03:49:22 791] Finding Element By.name: btnK</div>]]>
    </line>
    <line>
      <![CDATA[<div>DEBUG: [08-27-2014 03:49:23 854] Finding Element By.name: btnK</div>]]>
    </line>
    <line>
      <![CDATA[<div>DEBUG: [08-27-2014 03:49:24 918] Finding Element By.name: btnK</div>]]>
    </line>
    <line>
      <![CDATA[<div style="background-color:red; color:white">ERROR: (08-27-2014 03:49:25 980) Verification Failed : Element (By.name: btnK) is not visible </div>]]>
    </line>
    <line>
      <![CDATA[<img src="..\images\screenshot733378585182005173.png"/>]]>
    </line>
    <line>
      <![CDATA[<div>DEBUG: [08-27-2014 03:49:26 216] Finding Element By.partialLinkText: ESPN: The Worldwide Leader In Sports</div>]]>
    </line>
    <line>
      <![CDATA[<div>DEBUG: [08-27-2014 03:49:26 553] Verification Passed : Element (By.partialLinkText: ESPN: The Worldwide Leader In Sports) is present</div>]]>
    </line>
    <line>
      <![CDATA[<div>DEBUG: [08-27-2014 03:49:26 553] Finding Element By.partialLinkText: ESPN: The Worldwide Leader In Sports</div>]]>
    </line>
    <line>
      <![CDATA[<div>DEBUG: [08-27-2014 03:49:26 904] Verification Passed : Element (By.partialLinkText: ESPN: The Worldwide Leader In Sports) is visible </div>]]>
    </line>
    <line>
      <![CDATA[<div>DEBUG: [08-27-2014 03:49:26 905] Finding Element By.className: gb_Fa</div>]]>
    </line>
    <line>
      <![CDATA[<div>DEBUG: [08-27-2014 03:49:27 142] Verification Passed : Element (By.className: gb_Fa) is visible </div>]]>
    </line>
    <line>
      <![CDATA[<div>DEBUG: [08-27-2014 03:49:27 142] Finding Element By.name: q</div>]]>
    </line>
    <line>
      <![CDATA[<div>DEBUG: [08-27-2014 03:49:27 315] Verification Passed : Element (By.name: q) is visible </div>]]>
    </line>
    <line>
      <![CDATA[<div>DEBUG: [08-27-2014 03:49:27 316] Finding Element By.linkText: Sign in</div>]]>
    </line>
    <line>
      <![CDATA[<div>DEBUG: [08-27-2014 03:49:27 649] Verification Passed : Element (By.linkText: Sign in) is visible </div>]]>
    </line>
    <line>
      <![CDATA[<div>DEBUG: [08-27-2014 03:49:27 649] Finding Element By.id: gbwa</div>]]>
    </line>
    <line>
      <![CDATA[<div>DEBUG: [08-27-2014 03:49:27 766] Verification Passed : Element (By.id: gbwa) is visible </div>]]>
    </line>
    <line>
      <![CDATA[<div>DEBUG: [08-27-2014 03:49:27 766] Finding Element By.id: abar_button_opt</div>]]>
    </line>
    <line>
      <![CDATA[<div>DEBUG: [08-27-2014 03:49:27 883] Verification Passed : Element (By.id: abar_button_opt) is visible </div>]]>
    </line>
    <line>
      <![CDATA[<div>DEBUG: [08-27-2014 03:49:27 884] Finding Element By.name: btnK</div>]]>
    </line>
    <line>
      <![CDATA[<div>DEBUG: [08-27-2014 03:49:28 946] Finding Element By.name: btnK</div>]]>
    </line>
    <line>
      <![CDATA[<div>DEBUG: [08-27-2014 03:49:30 008] Finding Element By.name: btnK</div>]]>
    </line>
    <line>
      <![CDATA[<div>DEBUG: [08-27-2014 03:49:31 071] Finding Element By.name: btnK</div>]]>
    </line>
    <line>
      <![CDATA[<div>DEBUG: [08-27-2014 03:49:32 134] Finding Element By.name: btnK</div>]]>
    </line>
    <line>
      <![CDATA[<div>DEBUG: [08-27-2014 03:49:33 194] Finding Element By.name: btnK</div>]]>
    </line>
    <line>
      <![CDATA[<div>DEBUG: [08-27-2014 03:49:34 260] Finding Element By.name: btnK</div>]]>
    </line>
    <line>
      <![CDATA[<div>DEBUG: [08-27-2014 03:49:35 323] Finding Element By.name: btnK</div>]]>
    </line>
    <line>
      <![CDATA[<div>DEBUG: [08-27-2014 03:49:36 387] Finding Element By.name: btnK</div>]]>
    </line>
    <line>
      <![CDATA[<div>DEBUG: [08-27-2014 03:49:37 449] Finding Element By.name: btnK</div>]]>
    </line>
    <line>
      <![CDATA[<div style="background-color:red; color:white">ERROR: (08-27-2014 03:49:38 472) Verification Failed : Element (By.name: btnK) is not visible </div>]]>
    </line>
    <line>
      <![CDATA[<div style="color:Blue">INFO: [08-27-2014 03:49:38 497] Ending test TestParallel</div>]]>
    </line>
    <line>
      <![CDATA[<div style="color:Blue">INFO: [08-27-2014 03:49:38 497] Running tearDown() after test</div>]]>
    </line>
  </reporter-output>
  <suite name="Custom suite" duration-ms="31721" started-at="2014-08-27T21:49:07Z" finished-at="2014-08-27T21:49:39Z">
    <groups>
    </groups>
    <test name="appdriver-parent" duration-ms="31721" started-at="2014-08-27T21:49:07Z" finished-at="2014-08-27T21:49:39Z">
      <class name="com.prototest.appdriver.tests.ParallelTests">
        <test-method status="PASS" signature="browserTestBeforeMethod(java.lang.reflect.Method, java.lang.String, java.lang.String, java.lang.Integer)[pri:0, instance:com.prototest.appdriver.tests.ParallelTests@4c40b76e]" name="browserTestBeforeMethod" is-config="true" duration-ms="1928" started-at="2014-08-27T15:49:07Z" finished-at="2014-08-27T15:49:09Z">
          <params>
            <param index="0">
              <value>
                <![CDATA[public void com.prototest.appdriver.tests.ParallelTests.TestParallel()]]>
              </value>
            </param>
            <param index="1">
              <value is-null="true"/>
            </param>
            <param index="2">
              <value is-null="true"/>
            </param>
            <param index="3">
              <value is-null="true"/>
            </param>
          </params>
          <reporter-output>
            <line>
              <![CDATA[<div style="color:Blue">INFO: [08-27-2014 03:49:07 960] Starting test TestParallel</div>]]>
            </line>
            <line>
              <![CDATA[<div style="color:Blue">INFO: [08-27-2014 03:49:07 963] Running setUp before test</div>]]>
            </line>
            <line>
              <![CDATA[<div style="color:Blue">INFO: [08-27-2014 03:49:07 963] !!!!!!!!! setChrome = true thread id is 1</div>]]>
            </line>
            <line>
              <![CDATA[<div style="color:Blue">INFO: [08-27-2014 03:49:09 878] !!!!!!!!! setChrome = true current browsa is EventFiringWebDriver thread id is 1</div>]]>
            </line>
          </reporter-output>
        </test-method> <!-- browserTestBeforeMethod -->
        <test-method status="FAIL" signature="TestParallel()[pri:0, instance:com.prototest.appdriver.tests.ParallelTests@4c40b76e]" name="TestParallel" duration-ms="28612" started-at="2014-08-27T15:49:09Z" finished-at="2014-08-27T15:49:38Z">
          <exception class="java.lang.AssertionError">
            <message>
              <![CDATA[The test failed due to verification errors:
	Element (By.name: btnK) is not visible ]]>
            </message>
            <full-stacktrace>
              <![CDATA[java.lang.AssertionError: The test failed due to verification errors:
	Element (By.name: btnK) is not visible 
	at org.testng.Assert.fail(Assert.java:94)
	at com.prototest.appdriver.Verifications.assertVerifications(Verifications.java:63)
	at com.prototest.appdriver.VerificationsListener.run(VerificationsListener.java:14)
	at sun.reflect.NativeMethodAccessorImpl.invoke0(Native Method)
	at sun.reflect.NativeMethodAccessorImpl.invoke(NativeMethodAccessorImpl.java:62)
	at sun.reflect.DelegatingMethodAccessorImpl.invoke(DelegatingMethodAccessorImpl.java:43)
	at java.lang.reflect.Method.invoke(Method.java:483)
	at org.testng.internal.MethodInvocationHelper.invokeHookable(MethodInvocationHelper.java:212)
	at org.testng.internal.Invoker.invokeMethod(Invoker.java:707)
	at org.testng.internal.Invoker.invokeTestMethod(Invoker.java:901)
	at org.testng.internal.Invoker.invokeTestMethods(Invoker.java:1231)
	at org.testng.internal.TestMethodWorker.invokeTestMethods(TestMethodWorker.java:127)
	at org.testng.internal.TestMethodWorker.run(TestMethodWorker.java:111)
	at org.testng.TestRunner.privateRun(TestRunner.java:767)
	at org.testng.TestRunner.run(TestRunner.java:617)
	at org.testng.SuiteRunner.runTest(SuiteRunner.java:334)
	at org.testng.SuiteRunner.runSequentially(SuiteRunner.java:329)
	at org.testng.SuiteRunner.privateRun(SuiteRunner.java:291)
	at org.testng.SuiteRunner.run(SuiteRunner.java:240)
	at org.testng.SuiteRunnerWorker.runSuite(SuiteRunnerWorker.java:52)
	at org.testng.SuiteRunnerWorker.run(SuiteRunnerWorker.java:86)
	at org.testng.TestNG.runSuitesSequentially(TestNG.java:1224)
	at org.testng.TestNG.runSuitesLocally(TestNG.java:1149)
	at org.testng.TestNG.run(TestNG.java:1057)
	at org.testng.remote.RemoteTestNG.run(RemoteTestNG.java:111)
	at org.testng.remote.RemoteTestNG.initAndRun(RemoteTestNG.java:204)
	at org.testng.remote.RemoteTestNG.main(RemoteTestNG.java:175)
	at org.testng.RemoteTestNGStarter.main(RemoteTestNGStarter.java:125)
	at sun.reflect.NativeMethodAccessorImpl.invoke0(Native Method)
	at sun.reflect.NativeMethodAccessorImpl.invoke(NativeMethodAccessorImpl.java:62)
	at sun.reflect.DelegatingMethodAccessorImpl.invoke(DelegatingMethodAccessorImpl.java:43)
	at java.lang.reflect.Method.invoke(Method.java:483)
	at com.intellij.rt.execution.application.AppMain.main(AppMain.java:134)
]]>
            </full-stacktrace>
          </exception> <!-- java.lang.AssertionError -->
          <reporter-output>
            <line>
              <![CDATA[<div>DEBUG: [08-27-2014 03:49:09 904] Navigating to http://www.google.com/</div>]]>
            </line>
            <line>
              <![CDATA[<div>DEBUG: [08-27-2014 03:49:11 942] Finding Element By.id: hplogo</div>]]>
            </line>
            <line>
              <![CDATA[<div>DEBUG: [08-27-2014 03:49:12 094] Verification Passed : Element (By.id: hplogo) is visible </div>]]>
            </line>
            <line>
              <![CDATA[<div>DEBUG: [08-27-2014 03:49:12 095] Finding Element By.id: gbqfq</div>]]>
            </line>
            <line>
              <![CDATA[<div>DEBUG: [08-27-2014 03:49:12 235] Verification Passed : Element (By.id: gbqfq) is visible </div>]]>
            </line>
            <line>
              <![CDATA[<div>DEBUG: [08-27-2014 03:49:12 236] Finding Element By.name: btnK</div>]]>
            </line>
            <line>
              <![CDATA[<div>DEBUG: [08-27-2014 03:49:12 371] Verification Passed : Element (By.name: btnK) is visible </div>]]>
            </line>
            <line>
              <![CDATA[<div>DEBUG: [08-27-2014 03:49:12 372] Finding Element By.name: btnI</div>]]>
            </line>
            <line>
              <![CDATA[<div>DEBUG: [08-27-2014 03:49:12 533] Verification Passed : Element (By.name: btnI) is visible </div>]]>
            </line>
            <line>
              <![CDATA[<div>DEBUG: [08-27-2014 03:49:12 534] Finding Element By.id: gb_70</div>]]>
            </line>
            <line>
              <![CDATA[<div>DEBUG: [08-27-2014 03:49:12 672] Verification Passed : Element (By.id: gb_70) is visible </div>]]>
            </line>
            <line>
              <![CDATA[<div>DEBUG: [08-27-2014 03:49:12 673] Finding Element By.linkText: Gmail</div>]]>
            </line>
            <line>
              <![CDATA[<div>DEBUG: [08-27-2014 03:49:12 829] Verification Passed : Element (By.linkText: Gmail) is visible </div>]]>
            </line>
            <line>
              <![CDATA[<div>DEBUG: [08-27-2014 03:49:12 837] Typing into Element [[ChromeDriver: chrome on WIN8_1 (38d57c94a17bdb1b121ce4b88360dbc5)] -> id: gbqfq]</div>]]>
            </line>
            <line>
              <![CDATA[<div>DEBUG: [08-27-2014 03:49:12 867] Typing into Element [[ChromeDriver: chrome on WIN8_1 (38d57c94a17bdb1b121ce4b88360dbc5)] -> id: gbqfq]</div>]]>
            </line>
            <line>
              <![CDATA[<div>DEBUG: [08-27-2014 03:49:12 977] Finding Element By.className: gb_Fa</div>]]>
            </line>
            <line>
              <![CDATA[<div>DEBUG: [08-27-2014 03:49:13 309] Verification Passed : Element (By.className: gb_Fa) is visible </div>]]>
            </line>
            <line>
              <![CDATA[<div>DEBUG: [08-27-2014 03:49:13 310] Finding Element By.name: q</div>]]>
            </line>
            <line>
              <![CDATA[<div>DEBUG: [08-27-2014 03:49:13 681] Verification Passed : Element (By.name: q) is visible </div>]]>
            </line>
            <line>
              <![CDATA[<div>DEBUG: [08-27-2014 03:49:13 681] Finding Element By.linkText: Sign in</div>]]>
            </line>
            <line>
              <![CDATA[<div>DEBUG: [08-27-2014 03:49:14 012] Verification Passed : Element (By.linkText: Sign in) is visible </div>]]>
            </line>
            <line>
              <![CDATA[<div>DEBUG: [08-27-2014 03:49:14 013] Finding Element By.id: gbwa</div>]]>
            </line>
            <line>
              <![CDATA[<div>DEBUG: [08-27-2014 03:49:14 146] Verification Passed : Element (By.id: gbwa) is visible </div>]]>
            </line>
            <line>
              <![CDATA[<div>DEBUG: [08-27-2014 03:49:14 147] Finding Element By.id: abar_button_opt</div>]]>
            </line>
            <line>
              <![CDATA[<div>DEBUG: [08-27-2014 03:49:14 286] Verification Passed : Element (By.id: abar_button_opt) is visible </div>]]>
            </line>
            <line>
              <![CDATA[<div>DEBUG: [08-27-2014 03:49:14 286] Finding Element By.name: btnK</div>]]>
            </line>
            <line>
              <![CDATA[<div>DEBUG: [08-27-2014 03:49:15 349] Finding Element By.name: btnK</div>]]>
            </line>
            <line>
              <![CDATA[<div>DEBUG: [08-27-2014 03:49:16 412] Finding Element By.name: btnK</div>]]>
            </line>
            <line>
              <![CDATA[<div>DEBUG: [08-27-2014 03:49:17 480] Finding Element By.name: btnK</div>]]>
            </line>
            <line>
              <![CDATA[<div>DEBUG: [08-27-2014 03:49:18 542] Finding Element By.name: btnK</div>]]>
            </line>
            <line>
              <![CDATA[<div>DEBUG: [08-27-2014 03:49:19 603] Finding Element By.name: btnK</div>]]>
            </line>
            <line>
              <![CDATA[<div>DEBUG: [08-27-2014 03:49:20 665] Finding Element By.name: btnK</div>]]>
            </line>
            <line>
              <![CDATA[<div>DEBUG: [08-27-2014 03:49:21 731] Finding Element By.name: btnK</div>]]>
            </line>
            <line>
              <![CDATA[<div>DEBUG: [08-27-2014 03:49:22 791] Finding Element By.name: btnK</div>]]>
            </line>
            <line>
              <![CDATA[<div>DEBUG: [08-27-2014 03:49:23 854] Finding Element By.name: btnK</div>]]>
            </line>
            <line>
              <![CDATA[<div>DEBUG: [08-27-2014 03:49:24 918] Finding Element By.name: btnK</div>]]>
            </line>
            <line>
              <![CDATA[<div style="background-color:red; color:white">ERROR: (08-27-2014 03:49:25 980) Verification Failed : Element (By.name: btnK) is not visible </div>]]>
            </line>
            <line>
              <![CDATA[<img src="..\images\screenshot733378585182005173.png"/>]]>
            </line>
            <line>
              <![CDATA[<div>DEBUG: [08-27-2014 03:49:26 216] Finding Element By.partialLinkText: ESPN: The Worldwide Leader In Sports</div>]]>
            </line>
            <line>
              <![CDATA[<div>DEBUG: [08-27-2014 03:49:26 553] Verification Passed : Element (By.partialLinkText: ESPN: The Worldwide Leader In Sports) is present</div>]]>
            </line>
            <line>
              <![CDATA[<div>DEBUG: [08-27-2014 03:49:26 553] Finding Element By.partialLinkText: ESPN: The Worldwide Leader In Sports</div>]]>
            </line>
            <line>
              <![CDATA[<div>DEBUG: [08-27-2014 03:49:26 904] Verification Passed : Element (By.partialLinkText: ESPN: The Worldwide Leader In Sports) is visible </div>]]>
            </line>
            <line>
              <![CDATA[<div>DEBUG: [08-27-2014 03:49:26 905] Finding Element By.className: gb_Fa</div>]]>
            </line>
            <line>
              <![CDATA[<div>DEBUG: [08-27-2014 03:49:27 142] Verification Passed : Element (By.className: gb_Fa) is visible </div>]]>
            </line>
            <line>
              <![CDATA[<div>DEBUG: [08-27-2014 03:49:27 142] Finding Element By.name: q</div>]]>
            </line>
            <line>
              <![CDATA[<div>DEBUG: [08-27-2014 03:49:27 315] Verification Passed : Element (By.name: q) is visible </div>]]>
            </line>
            <line>
              <![CDATA[<div>DEBUG: [08-27-2014 03:49:27 316] Finding Element By.linkText: Sign in</div>]]>
            </line>
            <line>
              <![CDATA[<div>DEBUG: [08-27-2014 03:49:27 649] Verification Passed : Element (By.linkText: Sign in) is visible </div>]]>
            </line>
            <line>
              <![CDATA[<div>DEBUG: [08-27-2014 03:49:27 649] Finding Element By.id: gbwa</div>]]>
            </line>
            <line>
              <![CDATA[<div>DEBUG: [08-27-2014 03:49:27 766] Verification Passed : Element (By.id: gbwa) is visible </div>]]>
            </line>
            <line>
              <![CDATA[<div>DEBUG: [08-27-2014 03:49:27 766] Finding Element By.id: abar_button_opt</div>]]>
            </line>
            <line>
              <![CDATA[<div>DEBUG: [08-27-2014 03:49:27 883] Verification Passed : Element (By.id: abar_button_opt) is visible </div>]]>
            </line>
            <line>
              <![CDATA[<div>DEBUG: [08-27-2014 03:49:27 884] Finding Element By.name: btnK</div>]]>
            </line>
            <line>
              <![CDATA[<div>DEBUG: [08-27-2014 03:49:28 946] Finding Element By.name: btnK</div>]]>
            </line>
            <line>
              <![CDATA[<div>DEBUG: [08-27-2014 03:49:30 008] Finding Element By.name: btnK</div>]]>
            </line>
            <line>
              <![CDATA[<div>DEBUG: [08-27-2014 03:49:31 071] Finding Element By.name: btnK</div>]]>
            </line>
            <line>
              <![CDATA[<div>DEBUG: [08-27-2014 03:49:32 134] Finding Element By.name: btnK</div>]]>
            </line>
            <line>
              <![CDATA[<div>DEBUG: [08-27-2014 03:49:33 194] Finding Element By.name: btnK</div>]]>
            </line>
            <line>
              <![CDATA[<div>DEBUG: [08-27-2014 03:49:34 260] Finding Element By.name: btnK</div>]]>
            </line>
            <line>
              <![CDATA[<div>DEBUG: [08-27-2014 03:49:35 323] Finding Element By.name: btnK</div>]]>
            </line>
            <line>
              <![CDATA[<div>DEBUG: [08-27-2014 03:49:36 387] Finding Element By.name: btnK</div>]]>
            </line>
            <line>
              <![CDATA[<div>DEBUG: [08-27-2014 03:49:37 449] Finding Element By.name: btnK</div>]]>
            </line>
            <line>
              <![CDATA[<div style="background-color:red; color:white">ERROR: (08-27-2014 03:49:38 472) Verification Failed : Element (By.name: btnK) is not visible </div>]]>
            </line>
          </reporter-output>
        </test-method> <!-- TestParallel -->
        <test-method status="PASS" signature="browserTestAfterMethod(java.lang.reflect.Method)[pri:0, instance:com.prototest.appdriver.tests.ParallelTests@4c40b76e]" name="browserTestAfterMethod" is-config="true" duration-ms="1165" started-at="2014-08-27T15:49:38Z" finished-at="2014-08-27T15:49:39Z">
          <params>
            <param index="0">
              <value>
                <![CDATA[public void com.prototest.appdriver.tests.ParallelTests.TestParallel()]]>
              </value>
            </param>
          </params>
          <reporter-output>
            <line>
              <![CDATA[<div style="color:Blue">INFO: [08-27-2014 03:49:38 497] Ending test TestParallel</div>]]>
            </line>
            <line>
              <![CDATA[<div style="color:Blue">INFO: [08-27-2014 03:49:38 497] Running tearDown() after test</div>]]>
            </line>
          </reporter-output>
        </test-method> <!-- browserTestAfterMethod -->
      </class> <!-- com.prototest.appdriver.tests.ParallelTests -->
    </test> <!-- appdriver-parent -->
  </suite> <!-- Custom suite -->
</testng-results>
