<?xml version="1.0" encoding="UTF-8"?>
<testng-results skipped="0" failed="1" total="1" passed="0">
  <reporter-output>
    <line>
      <![CDATA[<div style="color:Blue">INFO: [07-16-2014 03:53:46 445] Starting test TestGoogle</div>]]>
    </line>
    <line>
      <![CDATA[<div style="color:Blue">INFO: [07-16-2014 03:53:46 453] Running setUp before test</div>]]>
    </line>
    <line>
      <![CDATA[<div>DEBUG: [07-16-2014 03:53:49 179] launchBrowser(): Using browser = Chrome</div>]]>
    </line>
    <line>
      <![CDATA[<div>DEBUG: [07-16-2014 03:53:49 469] Navigating to http://www.google.com/</div>]]>
    </line>
    <line>
      <![CDATA[<div>DEBUG: [07-16-2014 03:53:52 505] Finding Element By.name: q</div>]]>
    </line>
    <line>
      <![CDATA[<div>DEBUG: [07-16-2014 03:53:52 671] Verification Passed : Element (By.name: q) is visible </div>]]>
    </line>
    <line>
      <![CDATA[<div>DEBUG: [07-16-2014 03:53:52 673] Finding Element By.name: btnK</div>]]>
    </line>
    <line>
      <![CDATA[<div>DEBUG: [07-16-2014 03:53:52 807] Verification Passed : Element (By.name: btnK) is visible </div>]]>
    </line>
    <line>
      <![CDATA[<div>DEBUG: [07-16-2014 03:53:52 808] Finding Element By.name: btnI</div>]]>
    </line>
    <line>
      <![CDATA[<div>DEBUG: [07-16-2014 03:53:52 939] Verification Passed : Element (By.name: btnI) is visible </div>]]>
    </line>
    <line>
      <![CDATA[<div>DEBUG: [07-16-2014 03:53:52 939] Finding Element By.className: gbit</div>]]>
    </line>
    <line>
      <![CDATA[<div>DEBUG: [07-16-2014 03:53:53 961] Finding Element By.className: gbit</div>]]>
    </line>
    <line>
      <![CDATA[<div>DEBUG: [07-16-2014 03:53:54 982] Finding Element By.className: gbit</div>]]>
    </line>
    <line>
      <![CDATA[<div>DEBUG: [07-16-2014 03:53:56 001] Finding Element By.className: gbit</div>]]>
    </line>
    <line>
      <![CDATA[<div>DEBUG: [07-16-2014 03:53:57 032] Finding Element By.className: gbit</div>]]>
    </line>
    <line>
      <![CDATA[<div style="background-color:red; color:white">ERROR: (07-16-2014 03:53:58 043) Verification Failed : Element (By.className: gbit) is not visible </div>]]>
    </line>
    <line>
      <![CDATA[<img src="..\images\screenshot523165184676949357.png"/>]]>
    </line>
    <line>
      <![CDATA[<div>DEBUG: [07-16-2014 03:53:58 408] Finding Element By.className: gbts</div>]]>
    </line>
    <line>
      <![CDATA[<div>DEBUG: [07-16-2014 03:53:59 463] Finding Element By.className: gbts</div>]]>
    </line>
    <line>
      <![CDATA[<div>DEBUG: [07-16-2014 03:54:00 496] Finding Element By.className: gbts</div>]]>
    </line>
    <line>
      <![CDATA[<div>DEBUG: [07-16-2014 03:54:01 527] Finding Element By.className: gbts</div>]]>
    </line>
    <line>
      <![CDATA[<div>DEBUG: [07-16-2014 03:54:02 544] Finding Element By.className: gbts</div>]]>
    </line>
    <line>
      <![CDATA[<div style="background-color:red; color:white">ERROR: (07-16-2014 03:54:03 577) Verification Failed : Element (By.className: gbts) is not visible </div>]]>
    </line>
    <line>
      <![CDATA[<img src="..\images\screenshot8678672024462487019.png"/>]]>
    </line>
    <line>
      <![CDATA[<div>DEBUG: [07-16-2014 03:54:03 880] Typing into Element [[ChromeDriver: chrome on WIN8_1 (439e77876a291251e4976c0ffe6e9d1b)] -> name: q]</div>]]>
    </line>
    <line>
      <![CDATA[<div>DEBUG: [07-16-2014 03:54:03 914] Typing into Element [[ChromeDriver: chrome on WIN8_1 (439e77876a291251e4976c0ffe6e9d1b)] -> name: q]</div>]]>
    </line>
    <line>
      <![CDATA[<div>DEBUG: [07-16-2014 03:54:04 083] Finding Element By.partialLinkText: Home « ProtoTest</div>]]>
    </line>
    <line>
      <![CDATA[<div>DEBUG: [07-16-2014 03:54:05 127] Finding Element By.partialLinkText: Home « ProtoTest</div>]]>
    </line>
    <line>
      <![CDATA[<div>DEBUG: [07-16-2014 03:54:05 382] Verification Passed : Element (By.partialLinkText: Home « ProtoTest) is present</div>]]>
    </line>
    <line>
      <![CDATA[<div>DEBUG: [07-16-2014 03:54:05 383] Finding Element By.partialLinkText: Home « ProtoTest</div>]]>
    </line>
    <line>
      <![CDATA[<div>DEBUG: [07-16-2014 03:54:05 658] Verification Passed : Element (By.partialLinkText: Home « ProtoTest) is visible </div>]]>
    </line>
    <line>
      <![CDATA[<div>DEBUG: [07-16-2014 03:54:05 660] Finding Element By.partialLinkText: asdfasdf</div>]]>
    </line>
    <line>
      <![CDATA[<div>DEBUG: [07-16-2014 03:54:06 863] Finding Element By.partialLinkText: asdfasdf</div>]]>
    </line>
    <line>
      <![CDATA[<div>DEBUG: [07-16-2014 03:54:08 075] Finding Element By.partialLinkText: asdfasdf</div>]]>
    </line>
    <line>
      <![CDATA[<div>DEBUG: [07-16-2014 03:54:09 260] Finding Element By.partialLinkText: asdfasdf</div>]]>
    </line>
    <line>
      <![CDATA[<div>DEBUG: [07-16-2014 03:54:10 426] Finding Element By.partialLinkText: asdfasdf</div>]]>
    </line>
    <line>
      <![CDATA[<div>DEBUG: [07-16-2014 03:54:11 585] Verification Passed : Element (By.partialLinkText: asdfasdf) is not present</div>]]>
    </line>
    <line>
      <![CDATA[<div>DEBUG: [07-16-2014 03:54:11 586] Finding Element By.partialLinkText: asdfasdf</div>]]>
    </line>
    <line>
      <![CDATA[<div>DEBUG: [07-16-2014 03:54:12 778] Finding Element By.partialLinkText: asdfasdf</div>]]>
    </line>
    <line>
      <![CDATA[<div>DEBUG: [07-16-2014 03:54:13 929] Finding Element By.partialLinkText: asdfasdf</div>]]>
    </line>
    <line>
      <![CDATA[<div>DEBUG: [07-16-2014 03:54:15 098] Finding Element By.partialLinkText: asdfasdf</div>]]>
    </line>
    <line>
      <![CDATA[<div>DEBUG: [07-16-2014 03:54:16 254] Finding Element By.partialLinkText: asdfasdf</div>]]>
    </line>
    <line>
      <![CDATA[<div>DEBUG: [07-16-2014 03:54:17 439] Verification Passed : Element (By.partialLinkText: asdfasdf) is not visible </div>]]>
    </line>
    <line>
      <![CDATA[<div>DEBUG: [07-16-2014 03:54:17 440] Finding Element By.partialLinkText: Home « ProtoTest</div>]]>
    </line>
    <line>
      <![CDATA[<div>DEBUG: [07-16-2014 03:54:17 662] Clicking Element [[ChromeDriver: chrome on WIN8_1 (439e77876a291251e4976c0ffe6e9d1b)] -> partial link text: Home « ProtoTest]</div>]]>
    </line>
    <line>
      <![CDATA[<div style="background-color:red; color:white">ERROR: (07-16-2014 03:54:19 692) Test Failed, taking a screenshot</div>]]>
    </line>
    <line>
      <![CDATA[<img src="..\images\screenshot9214351089638358775.png"/>]]>
    </line>
    <line>
      <![CDATA[<div style="color:Blue">INFO: [07-16-2014 03:54:20 052] Ending test TestGoogle</div>]]>
    </line>
    <line>
      <![CDATA[<div style="color:Blue">INFO: [07-16-2014 03:54:20 052] Running tearDown() after test</div>]]>
    </line>
  </reporter-output>
  <suite name="Custom suite" duration-ms="34977" started-at="2014-07-16T21:53:46Z" finished-at="2014-07-16T21:54:21Z">
    <groups>
    </groups>
    <test name="appdriver-parent" duration-ms="34977" started-at="2014-07-16T21:53:46Z" finished-at="2014-07-16T21:54:21Z">
      <class name="com.prototest.appdriver.tests.GoogleTests">
        <test-method status="PASS" signature="browserTestBeforeMethod(java.lang.reflect.Method)[pri:0, instance:com.prototest.appdriver.tests.GoogleTests@2f7c7260]" name="browserTestBeforeMethod" is-config="true" duration-ms="3107" started-at="2014-07-16T15:53:46Z" finished-at="2014-07-16T15:53:49Z">
          <params>
            <param index="0">
              <value>
                <![CDATA[public void com.prototest.appdriver.tests.GoogleTests.TestGoogle()]]>
              </value>
            </param>
          </params>
          <reporter-output>
            <line>
              <![CDATA[<div style="color:Blue">INFO: [07-16-2014 03:53:46 445] Starting test TestGoogle</div>]]>
            </line>
            <line>
              <![CDATA[<div style="color:Blue">INFO: [07-16-2014 03:53:46 453] Running setUp before test</div>]]>
            </line>
            <line>
              <![CDATA[<div>DEBUG: [07-16-2014 03:53:49 179] launchBrowser(): Using browser = Chrome</div>]]>
            </line>
          </reporter-output>
        </test-method> <!-- browserTestBeforeMethod -->
        <test-method status="FAIL" signature="TestGoogle()[pri:0, instance:com.prototest.appdriver.tests.GoogleTests@2f7c7260]" name="TestGoogle" duration-ms="30243" started-at="2014-07-16T15:53:49Z" finished-at="2014-07-16T15:54:19Z">
          <exception class="java.lang.AssertionError">
            <message>
              <![CDATA[The test failed due to verification errors:
	Element (By.className: gbit) is not visible 	Element (By.className: gbts) is not visible ]]>
            </message>
            <full-stacktrace>
              <![CDATA[java.lang.AssertionError: The test failed due to verification errors:
	Element (By.className: gbit) is not visible 	Element (By.className: gbts) is not visible 
	at org.testng.Assert.fail(Assert.java:94)
	at com.prototest.appdriver.Verifications.assertVerifications(Verifications.java:59)
	at com.prototest.appdriver.VerificationsListener.run(VerificationsListener.java:14)
	at sun.reflect.NativeMethodAccessorImpl.invoke0(Native Method)
	at sun.reflect.NativeMethodAccessorImpl.invoke(NativeMethodAccessorImpl.java:62)
	at sun.reflect.DelegatingMethodAccessorImpl.invoke(DelegatingMethodAccessorImpl.java:43)
	at java.lang.reflect.Method.invoke(Method.java:483)
	at org.testng.internal.MethodInvocationHelper.invokeHookable(MethodInvocationHelper.java:212)
	at org.testng.internal.Invoker.invokeMethod(Invoker.java:707)
	at org.testng.internal.Invoker.invokeTestMethod(Invoker.java:901)
	at org.testng.internal.Invoker.invokeTestMethods(Invoker.java:1231)
	at org.testng.internal.TestMethodWorker.invokeTestMethods(TestMethodWorker.java:127)
	at org.testng.internal.TestMethodWorker.run(TestMethodWorker.java:111)
	at org.testng.TestRunner.privateRun(TestRunner.java:767)
	at org.testng.TestRunner.run(TestRunner.java:617)
	at org.testng.SuiteRunner.runTest(SuiteRunner.java:334)
	at org.testng.SuiteRunner.runSequentially(SuiteRunner.java:329)
	at org.testng.SuiteRunner.privateRun(SuiteRunner.java:291)
	at org.testng.SuiteRunner.run(SuiteRunner.java:240)
	at org.testng.SuiteRunnerWorker.runSuite(SuiteRunnerWorker.java:52)
	at org.testng.SuiteRunnerWorker.run(SuiteRunnerWorker.java:86)
	at org.testng.TestNG.runSuitesSequentially(TestNG.java:1224)
	at org.testng.TestNG.runSuitesLocally(TestNG.java:1149)
	at org.testng.TestNG.run(TestNG.java:1057)
	at org.testng.remote.RemoteTestNG.run(RemoteTestNG.java:111)
	at org.testng.remote.RemoteTestNG.initAndRun(RemoteTestNG.java:204)
	at org.testng.remote.RemoteTestNG.main(RemoteTestNG.java:175)
	at org.testng.RemoteTestNGStarter.main(RemoteTestNGStarter.java:125)
	at sun.reflect.NativeMethodAccessorImpl.invoke0(Native Method)
	at sun.reflect.NativeMethodAccessorImpl.invoke(NativeMethodAccessorImpl.java:62)
	at sun.reflect.DelegatingMethodAccessorImpl.invoke(DelegatingMethodAccessorImpl.java:43)
	at java.lang.reflect.Method.invoke(Method.java:483)
	at com.intellij.rt.execution.application.AppMain.main(AppMain.java:134)
]]>
            </full-stacktrace>
          </exception> <!-- java.lang.AssertionError -->
          <reporter-output>
            <line>
              <![CDATA[<div>DEBUG: [07-16-2014 03:53:49 469] Navigating to http://www.google.com/</div>]]>
            </line>
            <line>
              <![CDATA[<div>DEBUG: [07-16-2014 03:53:52 505] Finding Element By.name: q</div>]]>
            </line>
            <line>
              <![CDATA[<div>DEBUG: [07-16-2014 03:53:52 671] Verification Passed : Element (By.name: q) is visible </div>]]>
            </line>
            <line>
              <![CDATA[<div>DEBUG: [07-16-2014 03:53:52 673] Finding Element By.name: btnK</div>]]>
            </line>
            <line>
              <![CDATA[<div>DEBUG: [07-16-2014 03:53:52 807] Verification Passed : Element (By.name: btnK) is visible </div>]]>
            </line>
            <line>
              <![CDATA[<div>DEBUG: [07-16-2014 03:53:52 808] Finding Element By.name: btnI</div>]]>
            </line>
            <line>
              <![CDATA[<div>DEBUG: [07-16-2014 03:53:52 939] Verification Passed : Element (By.name: btnI) is visible </div>]]>
            </line>
            <line>
              <![CDATA[<div>DEBUG: [07-16-2014 03:53:52 939] Finding Element By.className: gbit</div>]]>
            </line>
            <line>
              <![CDATA[<div>DEBUG: [07-16-2014 03:53:53 961] Finding Element By.className: gbit</div>]]>
            </line>
            <line>
              <![CDATA[<div>DEBUG: [07-16-2014 03:53:54 982] Finding Element By.className: gbit</div>]]>
            </line>
            <line>
              <![CDATA[<div>DEBUG: [07-16-2014 03:53:56 001] Finding Element By.className: gbit</div>]]>
            </line>
            <line>
              <![CDATA[<div>DEBUG: [07-16-2014 03:53:57 032] Finding Element By.className: gbit</div>]]>
            </line>
            <line>
              <![CDATA[<div style="background-color:red; color:white">ERROR: (07-16-2014 03:53:58 043) Verification Failed : Element (By.className: gbit) is not visible </div>]]>
            </line>
            <line>
              <![CDATA[<img src="..\images\screenshot523165184676949357.png"/>]]>
            </line>
            <line>
              <![CDATA[<div>DEBUG: [07-16-2014 03:53:58 408] Finding Element By.className: gbts</div>]]>
            </line>
            <line>
              <![CDATA[<div>DEBUG: [07-16-2014 03:53:59 463] Finding Element By.className: gbts</div>]]>
            </line>
            <line>
              <![CDATA[<div>DEBUG: [07-16-2014 03:54:00 496] Finding Element By.className: gbts</div>]]>
            </line>
            <line>
              <![CDATA[<div>DEBUG: [07-16-2014 03:54:01 527] Finding Element By.className: gbts</div>]]>
            </line>
            <line>
              <![CDATA[<div>DEBUG: [07-16-2014 03:54:02 544] Finding Element By.className: gbts</div>]]>
            </line>
            <line>
              <![CDATA[<div style="background-color:red; color:white">ERROR: (07-16-2014 03:54:03 577) Verification Failed : Element (By.className: gbts) is not visible </div>]]>
            </line>
            <line>
              <![CDATA[<img src="..\images\screenshot8678672024462487019.png"/>]]>
            </line>
            <line>
              <![CDATA[<div>DEBUG: [07-16-2014 03:54:03 880] Typing into Element [[ChromeDriver: chrome on WIN8_1 (439e77876a291251e4976c0ffe6e9d1b)] -> name: q]</div>]]>
            </line>
            <line>
              <![CDATA[<div>DEBUG: [07-16-2014 03:54:03 914] Typing into Element [[ChromeDriver: chrome on WIN8_1 (439e77876a291251e4976c0ffe6e9d1b)] -> name: q]</div>]]>
            </line>
            <line>
              <![CDATA[<div>DEBUG: [07-16-2014 03:54:04 083] Finding Element By.partialLinkText: Home « ProtoTest</div>]]>
            </line>
            <line>
              <![CDATA[<div>DEBUG: [07-16-2014 03:54:05 127] Finding Element By.partialLinkText: Home « ProtoTest</div>]]>
            </line>
            <line>
              <![CDATA[<div>DEBUG: [07-16-2014 03:54:05 382] Verification Passed : Element (By.partialLinkText: Home « ProtoTest) is present</div>]]>
            </line>
            <line>
              <![CDATA[<div>DEBUG: [07-16-2014 03:54:05 383] Finding Element By.partialLinkText: Home « ProtoTest</div>]]>
            </line>
            <line>
              <![CDATA[<div>DEBUG: [07-16-2014 03:54:05 658] Verification Passed : Element (By.partialLinkText: Home « ProtoTest) is visible </div>]]>
            </line>
            <line>
              <![CDATA[<div>DEBUG: [07-16-2014 03:54:05 660] Finding Element By.partialLinkText: asdfasdf</div>]]>
            </line>
            <line>
              <![CDATA[<div>DEBUG: [07-16-2014 03:54:06 863] Finding Element By.partialLinkText: asdfasdf</div>]]>
            </line>
            <line>
              <![CDATA[<div>DEBUG: [07-16-2014 03:54:08 075] Finding Element By.partialLinkText: asdfasdf</div>]]>
            </line>
            <line>
              <![CDATA[<div>DEBUG: [07-16-2014 03:54:09 260] Finding Element By.partialLinkText: asdfasdf</div>]]>
            </line>
            <line>
              <![CDATA[<div>DEBUG: [07-16-2014 03:54:10 426] Finding Element By.partialLinkText: asdfasdf</div>]]>
            </line>
            <line>
              <![CDATA[<div>DEBUG: [07-16-2014 03:54:11 585] Verification Passed : Element (By.partialLinkText: asdfasdf) is not present</div>]]>
            </line>
            <line>
              <![CDATA[<div>DEBUG: [07-16-2014 03:54:11 586] Finding Element By.partialLinkText: asdfasdf</div>]]>
            </line>
            <line>
              <![CDATA[<div>DEBUG: [07-16-2014 03:54:12 778] Finding Element By.partialLinkText: asdfasdf</div>]]>
            </line>
            <line>
              <![CDATA[<div>DEBUG: [07-16-2014 03:54:13 929] Finding Element By.partialLinkText: asdfasdf</div>]]>
            </line>
            <line>
              <![CDATA[<div>DEBUG: [07-16-2014 03:54:15 098] Finding Element By.partialLinkText: asdfasdf</div>]]>
            </line>
            <line>
              <![CDATA[<div>DEBUG: [07-16-2014 03:54:16 254] Finding Element By.partialLinkText: asdfasdf</div>]]>
            </line>
            <line>
              <![CDATA[<div>DEBUG: [07-16-2014 03:54:17 439] Verification Passed : Element (By.partialLinkText: asdfasdf) is not visible </div>]]>
            </line>
            <line>
              <![CDATA[<div>DEBUG: [07-16-2014 03:54:17 440] Finding Element By.partialLinkText: Home « ProtoTest</div>]]>
            </line>
            <line>
              <![CDATA[<div>DEBUG: [07-16-2014 03:54:17 662] Clicking Element [[ChromeDriver: chrome on WIN8_1 (439e77876a291251e4976c0ffe6e9d1b)] -> partial link text: Home « ProtoTest]</div>]]>
            </line>
            <line>
              <![CDATA[<div style="background-color:red; color:white">ERROR: (07-16-2014 03:54:19 692) Test Failed, taking a screenshot</div>]]>
            </line>
            <line>
              <![CDATA[<img src="..\images\screenshot9214351089638358775.png"/>]]>
            </line>
          </reporter-output>
        </test-method> <!-- TestGoogle -->
        <test-method status="PASS" signature="browserTestAfterMethod(java.lang.reflect.Method)[pri:0, instance:com.prototest.appdriver.tests.GoogleTests@2f7c7260]" name="browserTestAfterMethod" is-config="true" duration-ms="1247" started-at="2014-07-16T15:54:20Z" finished-at="2014-07-16T15:54:21Z">
          <params>
            <param index="0">
              <value>
                <![CDATA[public void com.prototest.appdriver.tests.GoogleTests.TestGoogle()]]>
              </value>
            </param>
          </params>
          <reporter-output>
            <line>
              <![CDATA[<div style="color:Blue">INFO: [07-16-2014 03:54:20 052] Ending test TestGoogle</div>]]>
            </line>
            <line>
              <![CDATA[<div style="color:Blue">INFO: [07-16-2014 03:54:20 052] Running tearDown() after test</div>]]>
            </line>
          </reporter-output>
        </test-method> <!-- browserTestAfterMethod -->
      </class> <!-- com.prototest.appdriver.tests.GoogleTests -->
    </test> <!-- appdriver-parent -->
  </suite> <!-- Custom suite -->
</testng-results>
