<?xml version="1.0" encoding="UTF-8"?>
<testng-results skipped="0" failed="2" total="2" passed="0">
  <reporter-output>
    <line>
      <![CDATA[<div style="color:Blue">INFO: [07-15-2014 03:30:22 504] Starting test TestGoogle</div>]]>
    </line>
    <line>
      <![CDATA[<div style="color:Blue">INFO: [07-15-2014 03:30:22 509] Running setUp before test</div>]]>
    </line>
    <line>
      <![CDATA[<div>DEBUG: [07-15-2014 03:30:26 667] launchBrowser(): Using browser = Firefox</div>]]>
    </line>
    <line>
      <![CDATA[<div>DEBUG: [07-15-2014 03:30:26 727] Navigating to http://www.google.com/</div>]]>
    </line>
    <line>
      <![CDATA[<div>DEBUG: [07-15-2014 03:30:28 337] Finding Element By.name: q</div>]]>
    </line>
    <line>
      <![CDATA[<div>DEBUG: [07-15-2014 03:30:28 629] Typing into Element [[FirefoxDriver: firefox on XP (dc10eccf-9e00-4acf-96b8-6fad4d89a5bc)] -> name: q]</div>]]>
    </line>
    <line>
      <![CDATA[<div>DEBUG: [07-15-2014 03:30:28 650] Typing into Element [[FirefoxDriver: firefox on XP (dc10eccf-9e00-4acf-96b8-6fad4d89a5bc)] -> name: q]</div>]]>
    </line>
    <line>
      <![CDATA[<div>DEBUG: [07-15-2014 03:30:28 779] Finding Element By.partialLinkText: Home « ProtoTest</div>]]>
    </line>
    <line>
      <![CDATA[<div style="color:Blue">INFO: [07-15-2014 03:30:28 842] Ending test TestGoogle</div>]]>
    </line>
    <line>
      <![CDATA[<div style="color:Blue">INFO: [07-15-2014 03:30:28 842] Running tearDown() after test</div>]]>
    </line>
    <line>
      <![CDATA[<div style="color:Blue">INFO: [07-15-2014 03:30:29 183] Starting test TestGoogle2</div>]]>
    </line>
    <line>
      <![CDATA[<div style="color:Blue">INFO: [07-15-2014 03:30:29 184] Running setUp before test</div>]]>
    </line>
    <line>
      <![CDATA[<div>DEBUG: [07-15-2014 03:30:32 833] launchBrowser(): Using browser = Firefox</div>]]>
    </line>
    <line>
      <![CDATA[<div>DEBUG: [07-15-2014 03:30:32 870] Navigating to http://www.google.com/</div>]]>
    </line>
    <line>
      <![CDATA[<div>DEBUG: [07-15-2014 03:30:34 428] Finding Element By.name: q</div>]]>
    </line>
    <line>
      <![CDATA[<div>DEBUG: [07-15-2014 03:30:34 710] Typing into Element [[FirefoxDriver: firefox on XP (c26040ca-4005-4fc6-8908-429c3d08536e)] -> name: q]</div>]]>
    </line>
    <line>
      <![CDATA[<div>DEBUG: [07-15-2014 03:30:34 738] Typing into Element [[FirefoxDriver: firefox on XP (c26040ca-4005-4fc6-8908-429c3d08536e)] -> name: q]</div>]]>
    </line>
    <line>
      <![CDATA[<div>DEBUG: [07-15-2014 03:30:34 858] Finding Element By.partialLinkText: Home « ProtoTest</div>]]>
    </line>
    <line>
      <![CDATA[<div style="color:Blue">INFO: [07-15-2014 03:30:34 922] Ending test TestGoogle2</div>]]>
    </line>
    <line>
      <![CDATA[<div style="color:Blue">INFO: [07-15-2014 03:30:34 922] Running tearDown() after test</div>]]>
    </line>
  </reporter-output>
  <suite name="Custom suite" duration-ms="12832" started-at="2014-07-15T21:30:22Z" finished-at="2014-07-15T21:30:35Z">
    <groups>
    </groups>
    <test name="appdriver-parent" duration-ms="12832" started-at="2014-07-15T21:30:22Z" finished-at="2014-07-15T21:30:35Z">
      <class name="com.prototest.appdriver.tests.GoogleTests">
        <test-method status="PASS" signature="browserTestBeforeMethod(java.lang.reflect.Method)[pri:0, instance:com.prototest.appdriver.tests.GoogleTests@1134affc]" name="browserTestBeforeMethod" is-config="true" duration-ms="4299" started-at="2014-07-15T15:30:22Z" finished-at="2014-07-15T15:30:26Z">
          <params>
            <param index="0">
              <value>
                <![CDATA[public void com.prototest.appdriver.tests.GoogleTests.TestGoogle()]]>
              </value>
            </param>
          </params>
          <reporter-output>
            <line>
              <![CDATA[<div style="color:Blue">INFO: [07-15-2014 03:30:22 504] Starting test TestGoogle</div>]]>
            </line>
            <line>
              <![CDATA[<div style="color:Blue">INFO: [07-15-2014 03:30:22 509] Running setUp before test</div>]]>
            </line>
            <line>
              <![CDATA[<div>DEBUG: [07-15-2014 03:30:26 667] launchBrowser(): Using browser = Firefox</div>]]>
            </line>
          </reporter-output>
        </test-method> <!-- browserTestBeforeMethod -->
        <test-method status="FAIL" signature="TestGoogle()[pri:0, instance:com.prototest.appdriver.tests.GoogleTests@1134affc]" name="TestGoogle" duration-ms="2123" started-at="2014-07-15T15:30:26Z" finished-at="2014-07-15T15:30:28Z">
          <exception class="java.lang.RuntimeException">
            <message>
              <![CDATA[Element By.partialLinkText: Home « ProtoTest could not be found]]>
            </message>
            <full-stacktrace>
              <![CDATA[java.lang.RuntimeException: Element By.partialLinkText: Home « ProtoTest could not be found
	at com.prototest.appdriver.Element.getElement(Element.java:48)
	at com.prototest.appdriver.Element.isPresent(Element.java:120)
	at com.prototest.appdriver.Verification.waitForElement(Verification.java:31)
	at com.prototest.appdriver.Verification.visible(Verification.java:57)
	at com.prototest.appdriver.pageobjects.google.GoogleResultsPage.verifyResult(GoogleResultsPage.java:31)
	at com.prototest.appdriver.tests.GoogleTests.TestGoogle(GoogleTests.java:16)
	at sun.reflect.NativeMethodAccessorImpl.invoke0(Native Method)
	at sun.reflect.NativeMethodAccessorImpl.invoke(NativeMethodAccessorImpl.java:62)
	at sun.reflect.DelegatingMethodAccessorImpl.invoke(DelegatingMethodAccessorImpl.java:43)
	at java.lang.reflect.Method.invoke(Method.java:483)
	at org.testng.internal.MethodInvocationHelper.invokeMethod(MethodInvocationHelper.java:84)
	at org.testng.internal.MethodInvocationHelper$1.runTestMethod(MethodInvocationHelper.java:200)
	at com.prototest.appdriver.VerificationsListener.run(VerificationsListener.java:12)
	at sun.reflect.NativeMethodAccessorImpl.invoke0(Native Method)
	at sun.reflect.NativeMethodAccessorImpl.invoke(NativeMethodAccessorImpl.java:62)
	at sun.reflect.DelegatingMethodAccessorImpl.invoke(DelegatingMethodAccessorImpl.java:43)
	at java.lang.reflect.Method.invoke(Method.java:483)
	at org.testng.internal.MethodInvocationHelper.invokeHookable(MethodInvocationHelper.java:212)
	at org.testng.internal.Invoker.invokeMethod(Invoker.java:707)
	at org.testng.internal.Invoker.invokeTestMethod(Invoker.java:901)
	at org.testng.internal.Invoker.invokeTestMethods(Invoker.java:1231)
	at org.testng.internal.TestMethodWorker.invokeTestMethods(TestMethodWorker.java:127)
	at org.testng.internal.TestMethodWorker.run(TestMethodWorker.java:111)
	at org.testng.TestRunner.privateRun(TestRunner.java:767)
	at org.testng.TestRunner.run(TestRunner.java:617)
	at org.testng.SuiteRunner.runTest(SuiteRunner.java:334)
	at org.testng.SuiteRunner.runSequentially(SuiteRunner.java:329)
	at org.testng.SuiteRunner.privateRun(SuiteRunner.java:291)
	at org.testng.SuiteRunner.run(SuiteRunner.java:240)
	at org.testng.SuiteRunnerWorker.runSuite(SuiteRunnerWorker.java:52)
	at org.testng.SuiteRunnerWorker.run(SuiteRunnerWorker.java:86)
	at org.testng.TestNG.runSuitesSequentially(TestNG.java:1224)
	at org.testng.TestNG.runSuitesLocally(TestNG.java:1149)
	at org.testng.TestNG.run(TestNG.java:1057)
	at org.testng.remote.RemoteTestNG.run(RemoteTestNG.java:111)
	at org.testng.remote.RemoteTestNG.initAndRun(RemoteTestNG.java:204)
	at org.testng.remote.RemoteTestNG.main(RemoteTestNG.java:175)
	at org.testng.RemoteTestNGStarter.main(RemoteTestNGStarter.java:125)
	at sun.reflect.NativeMethodAccessorImpl.invoke0(Native Method)
	at sun.reflect.NativeMethodAccessorImpl.invoke(NativeMethodAccessorImpl.java:62)
	at sun.reflect.DelegatingMethodAccessorImpl.invoke(DelegatingMethodAccessorImpl.java:43)
	at java.lang.reflect.Method.invoke(Method.java:483)
	at com.intellij.rt.execution.application.AppMain.main(AppMain.java:134)
]]>
            </full-stacktrace>
          </exception> <!-- java.lang.RuntimeException -->
          <reporter-output>
            <line>
              <![CDATA[<div>DEBUG: [07-15-2014 03:30:26 727] Navigating to http://www.google.com/</div>]]>
            </line>
            <line>
              <![CDATA[<div>DEBUG: [07-15-2014 03:30:28 337] Finding Element By.name: q</div>]]>
            </line>
            <line>
              <![CDATA[<div>DEBUG: [07-15-2014 03:30:28 629] Typing into Element [[FirefoxDriver: firefox on XP (dc10eccf-9e00-4acf-96b8-6fad4d89a5bc)] -> name: q]</div>]]>
            </line>
            <line>
              <![CDATA[<div>DEBUG: [07-15-2014 03:30:28 650] Typing into Element [[FirefoxDriver: firefox on XP (dc10eccf-9e00-4acf-96b8-6fad4d89a5bc)] -> name: q]</div>]]>
            </line>
            <line>
              <![CDATA[<div>DEBUG: [07-15-2014 03:30:28 779] Finding Element By.partialLinkText: Home « ProtoTest</div>]]>
            </line>
          </reporter-output>
        </test-method> <!-- TestGoogle -->
        <test-method status="PASS" signature="browserTestAfterMethod(java.lang.reflect.Method)[pri:0, instance:com.prototest.appdriver.tests.GoogleTests@1134affc]" name="browserTestAfterMethod" is-config="true" duration-ms="342" started-at="2014-07-15T15:30:28Z" finished-at="2014-07-15T15:30:29Z">
          <params>
            <param index="0">
              <value>
                <![CDATA[public void com.prototest.appdriver.tests.GoogleTests.TestGoogle()]]>
              </value>
            </param>
          </params>
          <reporter-output>
            <line>
              <![CDATA[<div style="color:Blue">INFO: [07-15-2014 03:30:28 842] Ending test TestGoogle</div>]]>
            </line>
            <line>
              <![CDATA[<div style="color:Blue">INFO: [07-15-2014 03:30:28 842] Running tearDown() after test</div>]]>
            </line>
          </reporter-output>
        </test-method> <!-- browserTestAfterMethod -->
        <test-method status="PASS" signature="browserTestBeforeMethod(java.lang.reflect.Method)[pri:0, instance:com.prototest.appdriver.tests.GoogleTests@1134affc]" name="browserTestBeforeMethod" is-config="true" duration-ms="3687" started-at="2014-07-15T15:30:29Z" finished-at="2014-07-15T15:30:32Z">
          <params>
            <param index="0">
              <value>
                <![CDATA[public void com.prototest.appdriver.tests.GoogleTests.TestGoogle2()]]>
              </value>
            </param>
          </params>
          <reporter-output>
            <line>
              <![CDATA[<div style="color:Blue">INFO: [07-15-2014 03:30:29 183] Starting test TestGoogle2</div>]]>
            </line>
            <line>
              <![CDATA[<div style="color:Blue">INFO: [07-15-2014 03:30:29 184] Running setUp before test</div>]]>
            </line>
            <line>
              <![CDATA[<div>DEBUG: [07-15-2014 03:30:32 833] launchBrowser(): Using browser = Firefox</div>]]>
            </line>
          </reporter-output>
        </test-method> <!-- browserTestBeforeMethod -->
        <test-method status="FAIL" signature="TestGoogle2()[pri:0, instance:com.prototest.appdriver.tests.GoogleTests@1134affc]" name="TestGoogle2" duration-ms="2050" started-at="2014-07-15T15:30:32Z" finished-at="2014-07-15T15:30:34Z">
          <exception class="java.lang.RuntimeException">
            <message>
              <![CDATA[Element By.partialLinkText: Home « ProtoTest could not be found]]>
            </message>
            <full-stacktrace>
              <![CDATA[java.lang.RuntimeException: Element By.partialLinkText: Home « ProtoTest could not be found
	at com.prototest.appdriver.Element.getElement(Element.java:48)
	at com.prototest.appdriver.Element.isPresent(Element.java:120)
	at com.prototest.appdriver.Verification.waitForElement(Verification.java:31)
	at com.prototest.appdriver.Verification.visible(Verification.java:57)
	at com.prototest.appdriver.pageobjects.google.GoogleResultsPage.verifyResult(GoogleResultsPage.java:31)
	at com.prototest.appdriver.tests.GoogleTests.TestGoogle2(GoogleTests.java:27)
	at sun.reflect.NativeMethodAccessorImpl.invoke0(Native Method)
	at sun.reflect.NativeMethodAccessorImpl.invoke(NativeMethodAccessorImpl.java:62)
	at sun.reflect.DelegatingMethodAccessorImpl.invoke(DelegatingMethodAccessorImpl.java:43)
	at java.lang.reflect.Method.invoke(Method.java:483)
	at org.testng.internal.MethodInvocationHelper.invokeMethod(MethodInvocationHelper.java:84)
	at org.testng.internal.MethodInvocationHelper$1.runTestMethod(MethodInvocationHelper.java:200)
	at com.prototest.appdriver.VerificationsListener.run(VerificationsListener.java:12)
	at sun.reflect.NativeMethodAccessorImpl.invoke0(Native Method)
	at sun.reflect.NativeMethodAccessorImpl.invoke(NativeMethodAccessorImpl.java:62)
	at sun.reflect.DelegatingMethodAccessorImpl.invoke(DelegatingMethodAccessorImpl.java:43)
	at java.lang.reflect.Method.invoke(Method.java:483)
	at org.testng.internal.MethodInvocationHelper.invokeHookable(MethodInvocationHelper.java:212)
	at org.testng.internal.Invoker.invokeMethod(Invoker.java:707)
	at org.testng.internal.Invoker.invokeTestMethod(Invoker.java:901)
	at org.testng.internal.Invoker.invokeTestMethods(Invoker.java:1231)
	at org.testng.internal.TestMethodWorker.invokeTestMethods(TestMethodWorker.java:127)
	at org.testng.internal.TestMethodWorker.run(TestMethodWorker.java:111)
	at org.testng.TestRunner.privateRun(TestRunner.java:767)
	at org.testng.TestRunner.run(TestRunner.java:617)
	at org.testng.SuiteRunner.runTest(SuiteRunner.java:334)
	at org.testng.SuiteRunner.runSequentially(SuiteRunner.java:329)
	at org.testng.SuiteRunner.privateRun(SuiteRunner.java:291)
	at org.testng.SuiteRunner.run(SuiteRunner.java:240)
	at org.testng.SuiteRunnerWorker.runSuite(SuiteRunnerWorker.java:52)
	at org.testng.SuiteRunnerWorker.run(SuiteRunnerWorker.java:86)
	at org.testng.TestNG.runSuitesSequentially(TestNG.java:1224)
	at org.testng.TestNG.runSuitesLocally(TestNG.java:1149)
	at org.testng.TestNG.run(TestNG.java:1057)
	at org.testng.remote.RemoteTestNG.run(RemoteTestNG.java:111)
	at org.testng.remote.RemoteTestNG.initAndRun(RemoteTestNG.java:204)
	at org.testng.remote.RemoteTestNG.main(RemoteTestNG.java:175)
	at org.testng.RemoteTestNGStarter.main(RemoteTestNGStarter.java:125)
	at sun.reflect.NativeMethodAccessorImpl.invoke0(Native Method)
	at sun.reflect.NativeMethodAccessorImpl.invoke(NativeMethodAccessorImpl.java:62)
	at sun.reflect.DelegatingMethodAccessorImpl.invoke(DelegatingMethodAccessorImpl.java:43)
	at java.lang.reflect.Method.invoke(Method.java:483)
	at com.intellij.rt.execution.application.AppMain.main(AppMain.java:134)
]]>
            </full-stacktrace>
          </exception> <!-- java.lang.RuntimeException -->
          <reporter-output>
            <line>
              <![CDATA[<div>DEBUG: [07-15-2014 03:30:32 870] Navigating to http://www.google.com/</div>]]>
            </line>
            <line>
              <![CDATA[<div>DEBUG: [07-15-2014 03:30:34 428] Finding Element By.name: q</div>]]>
            </line>
            <line>
              <![CDATA[<div>DEBUG: [07-15-2014 03:30:34 710] Typing into Element [[FirefoxDriver: firefox on XP (c26040ca-4005-4fc6-8908-429c3d08536e)] -> name: q]</div>]]>
            </line>
            <line>
              <![CDATA[<div>DEBUG: [07-15-2014 03:30:34 738] Typing into Element [[FirefoxDriver: firefox on XP (c26040ca-4005-4fc6-8908-429c3d08536e)] -> name: q]</div>]]>
            </line>
            <line>
              <![CDATA[<div>DEBUG: [07-15-2014 03:30:34 858] Finding Element By.partialLinkText: Home « ProtoTest</div>]]>
            </line>
          </reporter-output>
        </test-method> <!-- TestGoogle2 -->
        <test-method status="PASS" signature="browserTestAfterMethod(java.lang.reflect.Method)[pri:0, instance:com.prototest.appdriver.tests.GoogleTests@1134affc]" name="browserTestAfterMethod" is-config="true" duration-ms="313" started-at="2014-07-15T15:30:34Z" finished-at="2014-07-15T15:30:35Z">
          <params>
            <param index="0">
              <value>
                <![CDATA[public void com.prototest.appdriver.tests.GoogleTests.TestGoogle2()]]>
              </value>
            </param>
          </params>
          <reporter-output>
            <line>
              <![CDATA[<div style="color:Blue">INFO: [07-15-2014 03:30:34 922] Ending test TestGoogle2</div>]]>
            </line>
            <line>
              <![CDATA[<div style="color:Blue">INFO: [07-15-2014 03:30:34 922] Running tearDown() after test</div>]]>
            </line>
          </reporter-output>
        </test-method> <!-- browserTestAfterMethod -->
      </class> <!-- com.prototest.appdriver.tests.GoogleTests -->
    </test> <!-- appdriver-parent -->
  </suite> <!-- Custom suite -->
</testng-results>
