<?xml version="1.0" encoding="UTF-8"?>
<testng-results skipped="0" failed="1" total="1" passed="0">
  <reporter-output>
    <line>
      <![CDATA[<div style="color:Blue">INFO: [08-27-2014 03:27:37 149] Starting test TestGoogle</div>]]>
    </line>
    <line>
      <![CDATA[<div style="color:Blue">INFO: [08-27-2014 03:27:37 153] Running setUp before test</div>]]>
    </line>
    <line>
      <![CDATA[<div>DEBUG: [08-27-2014 03:27:41 131] Navigating to http://www.google.com/</div>]]>
    </line>
    <line>
      <![CDATA[<div>DEBUG: [08-27-2014 03:27:42 574] Finding Element By.id: gbqfq</div>]]>
    </line>
    <line>
      <![CDATA[<div>DEBUG: [08-27-2014 03:27:42 924] Verification Passed : Element (By.id: gbqfq) is visible </div>]]>
    </line>
    <line>
      <![CDATA[<div>DEBUG: [08-27-2014 03:27:42 927] Finding Element By.name: btnK</div>]]>
    </line>
    <line>
      <![CDATA[<div>DEBUG: [08-27-2014 03:27:43 084] Verification Passed : Element (By.name: btnK) is visible </div>]]>
    </line>
    <line>
      <![CDATA[<div>DEBUG: [08-27-2014 03:27:43 085] Finding Element By.name: btnI</div>]]>
    </line>
    <line>
      <![CDATA[<div>DEBUG: [08-27-2014 03:27:43 242] Verification Passed : Element (By.name: btnI) is visible </div>]]>
    </line>
    <line>
      <![CDATA[<div>DEBUG: [08-27-2014 03:27:43 243] Finding Element By.id: gb_70</div>]]>
    </line>
    <line>
      <![CDATA[<div>DEBUG: [08-27-2014 03:27:43 397] Verification Passed : Element (By.id: gb_70) is visible </div>]]>
    </line>
    <line>
      <![CDATA[<div>DEBUG: [08-27-2014 03:27:43 398] Finding Element By.className: gb_c</div>]]>
    </line>
    <line>
      <![CDATA[<div>DEBUG: [08-27-2014 03:27:45 539] Finding Element By.className: gb_c</div>]]>
    </line>
    <line>
      <![CDATA[<div>DEBUG: [08-27-2014 03:27:47 591] Finding Element By.className: gb_c</div>]]>
    </line>
    <line>
      <![CDATA[<div>DEBUG: [08-27-2014 03:27:49 624] Finding Element By.className: gb_c</div>]]>
    </line>
    <line>
      <![CDATA[<div>DEBUG: [08-27-2014 03:27:51 739] Finding Element By.className: gb_c</div>]]>
    </line>
    <line>
      <![CDATA[<div style="background-color:red; color:white">ERROR: (08-27-2014 03:27:54 047) Verification Failed : Element (By.className: gb_c) is not visible </div>]]>
    </line>
    <line>
      <![CDATA[<img src="..\images\screenshot6096890487379132035.png"/>]]>
    </line>
    <line>
      <![CDATA[<div>DEBUG: [08-27-2014 03:27:54 187] Typing into Element [[FirefoxDriver: firefox on XP (f177776e-63cc-4838-9522-9fe9e17da4bb)] -> id: gbqfq]</div>]]>
    </line>
    <line>
      <![CDATA[<div>DEBUG: [08-27-2014 03:27:54 216] Typing into Element [[FirefoxDriver: firefox on XP (f177776e-63cc-4838-9522-9fe9e17da4bb)] -> id: gbqfq]</div>]]>
    </line>
    <line>
      <![CDATA[<div>DEBUG: [08-27-2014 03:27:54 354] Finding Element By.partialLinkText: Home « ProtoTest</div>]]>
    </line>
    <line>
      <![CDATA[<div>DEBUG: [08-27-2014 03:27:55 411] Finding Element By.partialLinkText: Home « ProtoTest</div>]]>
    </line>
    <line>
      <![CDATA[<div>DEBUG: [08-27-2014 03:27:55 859] Verification Passed : Element (By.partialLinkText: Home « ProtoTest) is present</div>]]>
    </line>
    <line>
      <![CDATA[<div>DEBUG: [08-27-2014 03:27:55 859] Finding Element By.partialLinkText: Home « ProtoTest</div>]]>
    </line>
    <line>
      <![CDATA[<div>DEBUG: [08-27-2014 03:27:56 351] Verification Passed : Element (By.partialLinkText: Home « ProtoTest) is visible </div>]]>
    </line>
    <line>
      <![CDATA[<div>DEBUG: [08-27-2014 03:27:56 355] Finding Element By.partialLinkText: asdfasdf</div>]]>
    </line>
    <line>
      <![CDATA[<div>DEBUG: [08-27-2014 03:27:57 697] Finding Element By.partialLinkText: asdfasdf</div>]]>
    </line>
    <line>
      <![CDATA[<div>DEBUG: [08-27-2014 03:27:59 044] Finding Element By.partialLinkText: asdfasdf</div>]]>
    </line>
    <line>
      <![CDATA[<div>DEBUG: [08-27-2014 03:28:00 461] Finding Element By.partialLinkText: asdfasdf</div>]]>
    </line>
    <line>
      <![CDATA[<div>DEBUG: [08-27-2014 03:28:01 839] Finding Element By.partialLinkText: asdfasdf</div>]]>
    </line>
    <line>
      <![CDATA[<div>DEBUG: [08-27-2014 03:28:03 182] Finding Element By.partialLinkText: asdfasdf</div>]]>
    </line>
    <line>
      <![CDATA[<div>DEBUG: [08-27-2014 03:28:04 524] Finding Element By.partialLinkText: asdfasdf</div>]]>
    </line>
    <line>
      <![CDATA[<div>DEBUG: [08-27-2014 03:28:05 867] Finding Element By.partialLinkText: asdfasdf</div>]]>
    </line>
    <line>
      <![CDATA[<div>DEBUG: [08-27-2014 03:28:07 215] Verification Passed : Element (By.partialLinkText: asdfasdf) is not present</div>]]>
    </line>
    <line>
      <![CDATA[<div>DEBUG: [08-27-2014 03:28:07 215] Finding Element By.partialLinkText: asdfasdf</div>]]>
    </line>
    <line>
      <![CDATA[<div>DEBUG: [08-27-2014 03:28:08 555] Finding Element By.partialLinkText: asdfasdf</div>]]>
    </line>
    <line>
      <![CDATA[<div>DEBUG: [08-27-2014 03:28:09 914] Finding Element By.partialLinkText: asdfasdf</div>]]>
    </line>
    <line>
      <![CDATA[<div>DEBUG: [08-27-2014 03:28:11 249] Finding Element By.partialLinkText: asdfasdf</div>]]>
    </line>
    <line>
      <![CDATA[<div>DEBUG: [08-27-2014 03:28:12 618] Finding Element By.partialLinkText: asdfasdf</div>]]>
    </line>
    <line>
      <![CDATA[<div>DEBUG: [08-27-2014 03:28:13 991] Finding Element By.partialLinkText: asdfasdf</div>]]>
    </line>
    <line>
      <![CDATA[<div>DEBUG: [08-27-2014 03:28:15 431] Finding Element By.partialLinkText: asdfasdf</div>]]>
    </line>
    <line>
      <![CDATA[<div>DEBUG: [08-27-2014 03:28:16 931] Finding Element By.partialLinkText: asdfasdf</div>]]>
    </line>
    <line>
      <![CDATA[<div>DEBUG: [08-27-2014 03:28:18 288] Verification Passed : Element (By.partialLinkText: asdfasdf) is not visible </div>]]>
    </line>
    <line>
      <![CDATA[<div>DEBUG: [08-27-2014 03:28:18 288] Finding Element By.partialLinkText: Home « ProtoTest</div>]]>
    </line>
    <line>
      <![CDATA[<div>DEBUG: [08-27-2014 03:28:18 711] Clicking Element [[FirefoxDriver: firefox on XP (f177776e-63cc-4838-9522-9fe9e17da4bb)] -> partial link text: Home « ProtoTest]</div>]]>
    </line>
    <line>
      <![CDATA[<div style="color:Blue">INFO: [08-27-2014 03:28:18 888] Ending test TestGoogle</div>]]>
    </line>
    <line>
      <![CDATA[<div style="color:Blue">INFO: [08-27-2014 03:28:18 888] Running tearDown() after test</div>]]>
    </line>
  </reporter-output>
  <suite name="Custom suite" duration-ms="42060" started-at="2014-08-27T21:27:37Z" finished-at="2014-08-27T21:28:19Z">
    <groups>
    </groups>
    <test name="appdriver-parent" duration-ms="42060" started-at="2014-08-27T21:27:37Z" finished-at="2014-08-27T21:28:19Z">
      <class name="com.prototest.appdriver.tests.GoogleTests">
        <test-method status="PASS" signature="browserTestBeforeMethod(java.lang.reflect.Method, java.lang.String, java.lang.String, java.lang.Integer)[pri:0, instance:com.prototest.appdriver.tests.GoogleTests@2d2e5f00]" name="browserTestBeforeMethod" is-config="true" duration-ms="3934" started-at="2014-08-27T15:27:37Z" finished-at="2014-08-27T15:27:41Z">
          <params>
            <param index="0">
              <value>
                <![CDATA[public void com.prototest.appdriver.tests.GoogleTests.TestGoogle()]]>
              </value>
            </param>
            <param index="1">
              <value is-null="true"/>
            </param>
            <param index="2">
              <value is-null="true"/>
            </param>
            <param index="3">
              <value is-null="true"/>
            </param>
          </params>
          <reporter-output>
            <line>
              <![CDATA[<div style="color:Blue">INFO: [08-27-2014 03:27:37 149] Starting test TestGoogle</div>]]>
            </line>
            <line>
              <![CDATA[<div style="color:Blue">INFO: [08-27-2014 03:27:37 153] Running setUp before test</div>]]>
            </line>
          </reporter-output>
        </test-method> <!-- browserTestBeforeMethod -->
        <test-method status="FAIL" signature="TestGoogle()[pri:0, instance:com.prototest.appdriver.tests.GoogleTests@2d2e5f00]" name="TestGoogle" duration-ms="37812" started-at="2014-08-27T15:27:41Z" finished-at="2014-08-27T15:28:18Z">
          <exception class="java.lang.AssertionError">
            <message>
              <![CDATA[The test failed due to verification errors:
	Element (By.className: gb_c) is not visible ]]>
            </message>
            <full-stacktrace>
              <![CDATA[java.lang.AssertionError: The test failed due to verification errors:
	Element (By.className: gb_c) is not visible 
	at org.testng.Assert.fail(Assert.java:94)
	at com.prototest.appdriver.Verifications.assertVerifications(Verifications.java:63)
	at com.prototest.appdriver.VerificationsListener.run(VerificationsListener.java:14)
	at sun.reflect.NativeMethodAccessorImpl.invoke0(Native Method)
	at sun.reflect.NativeMethodAccessorImpl.invoke(NativeMethodAccessorImpl.java:62)
	at sun.reflect.DelegatingMethodAccessorImpl.invoke(DelegatingMethodAccessorImpl.java:43)
	at java.lang.reflect.Method.invoke(Method.java:483)
	at org.testng.internal.MethodInvocationHelper.invokeHookable(MethodInvocationHelper.java:212)
	at org.testng.internal.Invoker.invokeMethod(Invoker.java:707)
	at org.testng.internal.Invoker.invokeTestMethod(Invoker.java:901)
	at org.testng.internal.Invoker.invokeTestMethods(Invoker.java:1231)
	at org.testng.internal.TestMethodWorker.invokeTestMethods(TestMethodWorker.java:127)
	at org.testng.internal.TestMethodWorker.run(TestMethodWorker.java:111)
	at org.testng.TestRunner.privateRun(TestRunner.java:767)
	at org.testng.TestRunner.run(TestRunner.java:617)
	at org.testng.SuiteRunner.runTest(SuiteRunner.java:334)
	at org.testng.SuiteRunner.runSequentially(SuiteRunner.java:329)
	at org.testng.SuiteRunner.privateRun(SuiteRunner.java:291)
	at org.testng.SuiteRunner.run(SuiteRunner.java:240)
	at org.testng.SuiteRunnerWorker.runSuite(SuiteRunnerWorker.java:52)
	at org.testng.SuiteRunnerWorker.run(SuiteRunnerWorker.java:86)
	at org.testng.TestNG.runSuitesSequentially(TestNG.java:1224)
	at org.testng.TestNG.runSuitesLocally(TestNG.java:1149)
	at org.testng.TestNG.run(TestNG.java:1057)
	at org.testng.remote.RemoteTestNG.run(RemoteTestNG.java:111)
	at org.testng.remote.RemoteTestNG.initAndRun(RemoteTestNG.java:204)
	at org.testng.remote.RemoteTestNG.main(RemoteTestNG.java:175)
	at org.testng.RemoteTestNGStarter.main(RemoteTestNGStarter.java:125)
	at sun.reflect.NativeMethodAccessorImpl.invoke0(Native Method)
	at sun.reflect.NativeMethodAccessorImpl.invoke(NativeMethodAccessorImpl.java:62)
	at sun.reflect.DelegatingMethodAccessorImpl.invoke(DelegatingMethodAccessorImpl.java:43)
	at java.lang.reflect.Method.invoke(Method.java:483)
	at com.intellij.rt.execution.application.AppMain.main(AppMain.java:134)
]]>
            </full-stacktrace>
          </exception> <!-- java.lang.AssertionError -->
          <reporter-output>
            <line>
              <![CDATA[<div>DEBUG: [08-27-2014 03:27:41 131] Navigating to http://www.google.com/</div>]]>
            </line>
            <line>
              <![CDATA[<div>DEBUG: [08-27-2014 03:27:42 574] Finding Element By.id: gbqfq</div>]]>
            </line>
            <line>
              <![CDATA[<div>DEBUG: [08-27-2014 03:27:42 924] Verification Passed : Element (By.id: gbqfq) is visible </div>]]>
            </line>
            <line>
              <![CDATA[<div>DEBUG: [08-27-2014 03:27:42 927] Finding Element By.name: btnK</div>]]>
            </line>
            <line>
              <![CDATA[<div>DEBUG: [08-27-2014 03:27:43 084] Verification Passed : Element (By.name: btnK) is visible </div>]]>
            </line>
            <line>
              <![CDATA[<div>DEBUG: [08-27-2014 03:27:43 085] Finding Element By.name: btnI</div>]]>
            </line>
            <line>
              <![CDATA[<div>DEBUG: [08-27-2014 03:27:43 242] Verification Passed : Element (By.name: btnI) is visible </div>]]>
            </line>
            <line>
              <![CDATA[<div>DEBUG: [08-27-2014 03:27:43 243] Finding Element By.id: gb_70</div>]]>
            </line>
            <line>
              <![CDATA[<div>DEBUG: [08-27-2014 03:27:43 397] Verification Passed : Element (By.id: gb_70) is visible </div>]]>
            </line>
            <line>
              <![CDATA[<div>DEBUG: [08-27-2014 03:27:43 398] Finding Element By.className: gb_c</div>]]>
            </line>
            <line>
              <![CDATA[<div>DEBUG: [08-27-2014 03:27:45 539] Finding Element By.className: gb_c</div>]]>
            </line>
            <line>
              <![CDATA[<div>DEBUG: [08-27-2014 03:27:47 591] Finding Element By.className: gb_c</div>]]>
            </line>
            <line>
              <![CDATA[<div>DEBUG: [08-27-2014 03:27:49 624] Finding Element By.className: gb_c</div>]]>
            </line>
            <line>
              <![CDATA[<div>DEBUG: [08-27-2014 03:27:51 739] Finding Element By.className: gb_c</div>]]>
            </line>
            <line>
              <![CDATA[<div style="background-color:red; color:white">ERROR: (08-27-2014 03:27:54 047) Verification Failed : Element (By.className: gb_c) is not visible </div>]]>
            </line>
            <line>
              <![CDATA[<img src="..\images\screenshot6096890487379132035.png"/>]]>
            </line>
            <line>
              <![CDATA[<div>DEBUG: [08-27-2014 03:27:54 187] Typing into Element [[FirefoxDriver: firefox on XP (f177776e-63cc-4838-9522-9fe9e17da4bb)] -> id: gbqfq]</div>]]>
            </line>
            <line>
              <![CDATA[<div>DEBUG: [08-27-2014 03:27:54 216] Typing into Element [[FirefoxDriver: firefox on XP (f177776e-63cc-4838-9522-9fe9e17da4bb)] -> id: gbqfq]</div>]]>
            </line>
            <line>
              <![CDATA[<div>DEBUG: [08-27-2014 03:27:54 354] Finding Element By.partialLinkText: Home « ProtoTest</div>]]>
            </line>
            <line>
              <![CDATA[<div>DEBUG: [08-27-2014 03:27:55 411] Finding Element By.partialLinkText: Home « ProtoTest</div>]]>
            </line>
            <line>
              <![CDATA[<div>DEBUG: [08-27-2014 03:27:55 859] Verification Passed : Element (By.partialLinkText: Home « ProtoTest) is present</div>]]>
            </line>
            <line>
              <![CDATA[<div>DEBUG: [08-27-2014 03:27:55 859] Finding Element By.partialLinkText: Home « ProtoTest</div>]]>
            </line>
            <line>
              <![CDATA[<div>DEBUG: [08-27-2014 03:27:56 351] Verification Passed : Element (By.partialLinkText: Home « ProtoTest) is visible </div>]]>
            </line>
            <line>
              <![CDATA[<div>DEBUG: [08-27-2014 03:27:56 355] Finding Element By.partialLinkText: asdfasdf</div>]]>
            </line>
            <line>
              <![CDATA[<div>DEBUG: [08-27-2014 03:27:57 697] Finding Element By.partialLinkText: asdfasdf</div>]]>
            </line>
            <line>
              <![CDATA[<div>DEBUG: [08-27-2014 03:27:59 044] Finding Element By.partialLinkText: asdfasdf</div>]]>
            </line>
            <line>
              <![CDATA[<div>DEBUG: [08-27-2014 03:28:00 461] Finding Element By.partialLinkText: asdfasdf</div>]]>
            </line>
            <line>
              <![CDATA[<div>DEBUG: [08-27-2014 03:28:01 839] Finding Element By.partialLinkText: asdfasdf</div>]]>
            </line>
            <line>
              <![CDATA[<div>DEBUG: [08-27-2014 03:28:03 182] Finding Element By.partialLinkText: asdfasdf</div>]]>
            </line>
            <line>
              <![CDATA[<div>DEBUG: [08-27-2014 03:28:04 524] Finding Element By.partialLinkText: asdfasdf</div>]]>
            </line>
            <line>
              <![CDATA[<div>DEBUG: [08-27-2014 03:28:05 867] Finding Element By.partialLinkText: asdfasdf</div>]]>
            </line>
            <line>
              <![CDATA[<div>DEBUG: [08-27-2014 03:28:07 215] Verification Passed : Element (By.partialLinkText: asdfasdf) is not present</div>]]>
            </line>
            <line>
              <![CDATA[<div>DEBUG: [08-27-2014 03:28:07 215] Finding Element By.partialLinkText: asdfasdf</div>]]>
            </line>
            <line>
              <![CDATA[<div>DEBUG: [08-27-2014 03:28:08 555] Finding Element By.partialLinkText: asdfasdf</div>]]>
            </line>
            <line>
              <![CDATA[<div>DEBUG: [08-27-2014 03:28:09 914] Finding Element By.partialLinkText: asdfasdf</div>]]>
            </line>
            <line>
              <![CDATA[<div>DEBUG: [08-27-2014 03:28:11 249] Finding Element By.partialLinkText: asdfasdf</div>]]>
            </line>
            <line>
              <![CDATA[<div>DEBUG: [08-27-2014 03:28:12 618] Finding Element By.partialLinkText: asdfasdf</div>]]>
            </line>
            <line>
              <![CDATA[<div>DEBUG: [08-27-2014 03:28:13 991] Finding Element By.partialLinkText: asdfasdf</div>]]>
            </line>
            <line>
              <![CDATA[<div>DEBUG: [08-27-2014 03:28:15 431] Finding Element By.partialLinkText: asdfasdf</div>]]>
            </line>
            <line>
              <![CDATA[<div>DEBUG: [08-27-2014 03:28:16 931] Finding Element By.partialLinkText: asdfasdf</div>]]>
            </line>
            <line>
              <![CDATA[<div>DEBUG: [08-27-2014 03:28:18 288] Verification Passed : Element (By.partialLinkText: asdfasdf) is not visible </div>]]>
            </line>
            <line>
              <![CDATA[<div>DEBUG: [08-27-2014 03:28:18 288] Finding Element By.partialLinkText: Home « ProtoTest</div>]]>
            </line>
            <line>
              <![CDATA[<div>DEBUG: [08-27-2014 03:28:18 711] Clicking Element [[FirefoxDriver: firefox on XP (f177776e-63cc-4838-9522-9fe9e17da4bb)] -> partial link text: Home « ProtoTest]</div>]]>
            </line>
          </reporter-output>
        </test-method> <!-- TestGoogle -->
        <test-method status="PASS" signature="browserTestAfterMethod(java.lang.reflect.Method)[pri:0, instance:com.prototest.appdriver.tests.GoogleTests@2d2e5f00]" name="browserTestAfterMethod" is-config="true" duration-ms="300" started-at="2014-08-27T15:28:18Z" finished-at="2014-08-27T15:28:19Z">
          <params>
            <param index="0">
              <value>
                <![CDATA[public void com.prototest.appdriver.tests.GoogleTests.TestGoogle()]]>
              </value>
            </param>
          </params>
          <reporter-output>
            <line>
              <![CDATA[<div style="color:Blue">INFO: [08-27-2014 03:28:18 888] Ending test TestGoogle</div>]]>
            </line>
            <line>
              <![CDATA[<div style="color:Blue">INFO: [08-27-2014 03:28:18 888] Running tearDown() after test</div>]]>
            </line>
          </reporter-output>
        </test-method> <!-- browserTestAfterMethod -->
      </class> <!-- com.prototest.appdriver.tests.GoogleTests -->
    </test> <!-- appdriver-parent -->
  </suite> <!-- Custom suite -->
</testng-results>
