<?xml version="1.0" encoding="UTF-8"?>
<testng-results skipped="0" failed="1" total="1" passed="0">
  <reporter-output>
    <line>
      <![CDATA[<div style="color:Blue">INFO: [08-28-2014 07:55:48 112] Starting test TestGoogle</div>]]>
    </line>
    <line>
      <![CDATA[<div style="color:Blue">INFO: [08-28-2014 07:55:48 125] Running setUp before test</div>]]>
    </line>
    <line>
      <![CDATA[<div>DEBUG: [08-28-2014 07:55:57 032] Navigating to http://www.google.com/</div>]]>
    </line>
    <line>
      <![CDATA[<div>DEBUG: [08-28-2014 07:55:59 399] Finding Element By.id: hplogo</div>]]>
    </line>
    <line>
      <![CDATA[<div>DEBUG: [08-28-2014 07:56:00 100] Verification Passed : Element (By.id: hplogo) is visible </div>]]>
    </line>
    <line>
      <![CDATA[<div>DEBUG: [08-28-2014 07:56:00 104] Finding Element By.id: gbqfq</div>]]>
    </line>
    <line>
      <![CDATA[<div>DEBUG: [08-28-2014 07:56:00 476] Verification Passed : Element (By.id: gbqfq) is visible </div>]]>
    </line>
    <line>
      <![CDATA[<div>DEBUG: [08-28-2014 07:56:00 477] Finding Element By.name: btnK</div>]]>
    </line>
    <line>
      <![CDATA[<div>DEBUG: [08-28-2014 07:56:00 820] Verification Passed : Element (By.name: btnK) is visible </div>]]>
    </line>
    <line>
      <![CDATA[<div>DEBUG: [08-28-2014 07:56:00 821] Finding Element By.name: btnI</div>]]>
    </line>
    <line>
      <![CDATA[<div>DEBUG: [08-28-2014 07:56:01 171] Verification Passed : Element (By.name: btnI) is visible </div>]]>
    </line>
    <line>
      <![CDATA[<div>DEBUG: [08-28-2014 07:56:01 172] Finding Element By.id: gb_70</div>]]>
    </line>
    <line>
      <![CDATA[<div>DEBUG: [08-28-2014 07:56:01 502] Verification Passed : Element (By.id: gb_70) is visible </div>]]>
    </line>
    <line>
      <![CDATA[<div>DEBUG: [08-28-2014 07:56:01 504] Finding Element By.linkText: Gmail</div>]]>
    </line>
    <line>
      <![CDATA[<div>DEBUG: [08-28-2014 07:56:01 980] Verification Passed : Element (By.linkText: Gmail) is visible </div>]]>
    </line>
    <line>
      <![CDATA[<div>DEBUG: [08-28-2014 07:56:02 006] Typing into Element [[FirefoxDriver: firefox on XP (2afae358-a104-41a9-bcac-fda97953638a)] -> id: gbqfq]</div>]]>
    </line>
    <line>
      <![CDATA[<div>DEBUG: [08-28-2014 07:56:02 077] Typing into Element [[FirefoxDriver: firefox on XP (2afae358-a104-41a9-bcac-fda97953638a)] -> id: gbqfq]</div>]]>
    </line>
    <line>
      <![CDATA[<div>DEBUG: [08-28-2014 07:56:02 371] Finding Element By.className: gb_Fa</div>]]>
    </line>
    <line>
      <![CDATA[<div>DEBUG: [08-28-2014 07:56:04 295] Verification Passed : Element (By.className: gb_Fa) is visible </div>]]>
    </line>
    <line>
      <![CDATA[<div>DEBUG: [08-28-2014 07:56:04 296] Finding Element By.name: q</div>]]>
    </line>
    <line>
      <![CDATA[<div>DEBUG: [08-28-2014 07:56:04 831] Verification Passed : Element (By.name: q) is visible </div>]]>
    </line>
    <line>
      <![CDATA[<div>DEBUG: [08-28-2014 07:56:04 832] Finding Element By.linkText: Sign in</div>]]>
    </line>
    <line>
      <![CDATA[<div>DEBUG: [08-28-2014 07:56:06 116] Verification Passed : Element (By.linkText: Sign in) is visible </div>]]>
    </line>
    <line>
      <![CDATA[<div>DEBUG: [08-28-2014 07:56:06 117] Finding Element By.id: gbwa</div>]]>
    </line>
    <line>
      <![CDATA[<div>DEBUG: [08-28-2014 07:56:06 496] Verification Passed : Element (By.id: gbwa) is visible </div>]]>
    </line>
    <line>
      <![CDATA[<div>DEBUG: [08-28-2014 07:56:06 497] Finding Element By.id: abar_button_opt</div>]]>
    </line>
    <line>
      <![CDATA[<div>DEBUG: [08-28-2014 07:56:06 861] Verification Passed : Element (By.id: abar_button_opt) is visible </div>]]>
    </line>
    <line>
      <![CDATA[<div>DEBUG: [08-28-2014 07:56:06 861] Finding Element By.id: gbqfb</div>]]>
    </line>
    <line>
      <![CDATA[<div>DEBUG: [08-28-2014 07:56:07 211] Verification Passed : Element (By.id: gbqfb) is visible </div>]]>
    </line>
    <line>
      <![CDATA[<div>DEBUG: [08-28-2014 07:56:07 212] Finding Element By.partialLinkText: Home << ProtoTest</div>]]>
    </line>
    <line>
      <![CDATA[<div>DEBUG: [08-28-2014 07:56:09 189] Finding Element By.partialLinkText: Home << ProtoTest</div>]]>
    </line>
    <line>
      <![CDATA[<div>DEBUG: [08-28-2014 07:56:11 141] Finding Element By.partialLinkText: Home << ProtoTest</div>]]>
    </line>
    <line>
      <![CDATA[<div>DEBUG: [08-28-2014 07:56:13 181] Finding Element By.partialLinkText: Home << ProtoTest</div>]]>
    </line>
    <line>
      <![CDATA[<div>DEBUG: [08-28-2014 07:56:15 329] Finding Element By.partialLinkText: Home << ProtoTest</div>]]>
    </line>
    <line>
      <![CDATA[<div>DEBUG: [08-28-2014 07:56:17 319] Finding Element By.partialLinkText: Home << ProtoTest</div>]]>
    </line>
    <line>
      <![CDATA[<div style="background-color:red; color:white">ERROR: (08-28-2014 07:56:19 280) Verification Failed : Element (By.partialLinkText: Home << ProtoTest) is not present</div>]]>
    </line>
    <line>
      <![CDATA[<img src="..\images\screenshot7251028302274207458.png"/>]]>
    </line>
    <line>
      <![CDATA[<div>DEBUG: [08-28-2014 07:56:20 145] Finding Element By.partialLinkText: Home << ProtoTest</div>]]>
    </line>
    <line>
      <![CDATA[<div>DEBUG: [08-28-2014 07:56:22 140] Finding Element By.partialLinkText: Home << ProtoTest</div>]]>
    </line>
    <line>
      <![CDATA[<div>DEBUG: [08-28-2014 07:56:24 111] Finding Element By.partialLinkText: Home << ProtoTest</div>]]>
    </line>
    <line>
      <![CDATA[<div>DEBUG: [08-28-2014 07:56:26 058] Finding Element By.partialLinkText: Home << ProtoTest</div>]]>
    </line>
    <line>
      <![CDATA[<div>DEBUG: [08-28-2014 07:56:28 099] Finding Element By.partialLinkText: Home << ProtoTest</div>]]>
    </line>
    <line>
      <![CDATA[<div>DEBUG: [08-28-2014 07:56:30 067] Finding Element By.partialLinkText: Home << ProtoTest</div>]]>
    </line>
    <line>
      <![CDATA[<div style="background-color:red; color:white">ERROR: (08-28-2014 07:56:32 188) Verification Failed : Element (By.partialLinkText: Home << ProtoTest) is not visible </div>]]>
    </line>
    <line>
      <![CDATA[<img src="..\images\screenshot4987710089827459176.png"/>]]>
    </line>
    <line>
      <![CDATA[<div>DEBUG: [08-28-2014 07:56:33 098] Finding Element By.partialLinkText: Home << ProtoTest</div>]]>
    </line>
    <line>
      <![CDATA[<div style="color:Blue">INFO: [08-28-2014 07:56:34 128] Ending test TestGoogle</div>]]>
    </line>
    <line>
      <![CDATA[<div style="color:Blue">INFO: [08-28-2014 07:56:34 128] Running tearDown() after test</div>]]>
    </line>
  </reporter-output>
  <suite name="Custom suite" duration-ms="46749" started-at="2014-08-28T13:55:48Z" finished-at="2014-08-28T13:56:34Z">
    <groups>
    </groups>
    <test name="appdriver-parent" duration-ms="46749" started-at="2014-08-28T13:55:48Z" finished-at="2014-08-28T13:56:34Z">
      <class name="com.prototest.appdriver.tests.GoogleTests">
        <test-method status="PASS" signature="browserTestBeforeMethod(java.lang.reflect.Method, java.lang.String, java.lang.String, java.lang.Integer)[pri:0, instance:com.prototest.appdriver.tests.GoogleTests@2d2e5f00]" name="browserTestBeforeMethod" is-config="true" duration-ms="8844" started-at="2014-08-28T07:55:48Z" finished-at="2014-08-28T07:55:56Z">
          <params>
            <param index="0">
              <value>
                <![CDATA[public void com.prototest.appdriver.tests.GoogleTests.TestGoogle()]]>
              </value>
            </param>
            <param index="1">
              <value is-null="true"/>
            </param>
            <param index="2">
              <value is-null="true"/>
            </param>
            <param index="3">
              <value is-null="true"/>
            </param>
          </params>
          <reporter-output>
            <line>
              <![CDATA[<div style="color:Blue">INFO: [08-28-2014 07:55:48 112] Starting test TestGoogle</div>]]>
            </line>
            <line>
              <![CDATA[<div style="color:Blue">INFO: [08-28-2014 07:55:48 125] Running setUp before test</div>]]>
            </line>
          </reporter-output>
        </test-method> <!-- browserTestBeforeMethod -->
        <test-method status="FAIL" signature="TestGoogle()[pri:0, instance:com.prototest.appdriver.tests.GoogleTests@2d2e5f00]" name="TestGoogle" duration-ms="37193" started-at="2014-08-28T07:55:56Z" finished-at="2014-08-28T07:56:34Z">
          <exception class="java.lang.AssertionError">
            <message>
              <![CDATA[The test failed due to verification errors:
	Element (By.partialLinkText: Home << ProtoTest) is not present	Element (By.partialLinkText: Home << ProtoTest) is not visible ]]>
            </message>
            <full-stacktrace>
              <![CDATA[java.lang.AssertionError: The test failed due to verification errors:
	Element (By.partialLinkText: Home << ProtoTest) is not present	Element (By.partialLinkText: Home << ProtoTest) is not visible 
	at org.testng.Assert.fail(Assert.java:94)
	at com.prototest.appdriver.Verifications.assertVerifications(Verifications.java:63)
	at com.prototest.appdriver.VerificationsListener.run(VerificationsListener.java:14)
	at sun.reflect.NativeMethodAccessorImpl.invoke0(Native Method)
	at sun.reflect.NativeMethodAccessorImpl.invoke(NativeMethodAccessorImpl.java:62)
	at sun.reflect.DelegatingMethodAccessorImpl.invoke(DelegatingMethodAccessorImpl.java:43)
	at java.lang.reflect.Method.invoke(Method.java:483)
	at org.testng.internal.MethodInvocationHelper.invokeHookable(MethodInvocationHelper.java:212)
	at org.testng.internal.Invoker.invokeMethod(Invoker.java:707)
	at org.testng.internal.Invoker.invokeTestMethod(Invoker.java:901)
	at org.testng.internal.Invoker.invokeTestMethods(Invoker.java:1231)
	at org.testng.internal.TestMethodWorker.invokeTestMethods(TestMethodWorker.java:127)
	at org.testng.internal.TestMethodWorker.run(TestMethodWorker.java:111)
	at org.testng.TestRunner.privateRun(TestRunner.java:767)
	at org.testng.TestRunner.run(TestRunner.java:617)
	at org.testng.SuiteRunner.runTest(SuiteRunner.java:334)
	at org.testng.SuiteRunner.runSequentially(SuiteRunner.java:329)
	at org.testng.SuiteRunner.privateRun(SuiteRunner.java:291)
	at org.testng.SuiteRunner.run(SuiteRunner.java:240)
	at org.testng.SuiteRunnerWorker.runSuite(SuiteRunnerWorker.java:52)
	at org.testng.SuiteRunnerWorker.run(SuiteRunnerWorker.java:86)
	at org.testng.TestNG.runSuitesSequentially(TestNG.java:1224)
	at org.testng.TestNG.runSuitesLocally(TestNG.java:1149)
	at org.testng.TestNG.run(TestNG.java:1057)
	at org.testng.remote.RemoteTestNG.run(RemoteTestNG.java:111)
	at org.testng.remote.RemoteTestNG.initAndRun(RemoteTestNG.java:204)
	at org.testng.remote.RemoteTestNG.main(RemoteTestNG.java:175)
	at org.testng.RemoteTestNGStarter.main(RemoteTestNGStarter.java:125)
	at sun.reflect.NativeMethodAccessorImpl.invoke0(Native Method)
	at sun.reflect.NativeMethodAccessorImpl.invoke(NativeMethodAccessorImpl.java:62)
	at sun.reflect.DelegatingMethodAccessorImpl.invoke(DelegatingMethodAccessorImpl.java:43)
	at java.lang.reflect.Method.invoke(Method.java:483)
	at com.intellij.rt.execution.application.AppMain.main(AppMain.java:134)
]]>
            </full-stacktrace>
          </exception> <!-- java.lang.AssertionError -->
          <reporter-output>
            <line>
              <![CDATA[<div>DEBUG: [08-28-2014 07:55:57 032] Navigating to http://www.google.com/</div>]]>
            </line>
            <line>
              <![CDATA[<div>DEBUG: [08-28-2014 07:55:59 399] Finding Element By.id: hplogo</div>]]>
            </line>
            <line>
              <![CDATA[<div>DEBUG: [08-28-2014 07:56:00 100] Verification Passed : Element (By.id: hplogo) is visible </div>]]>
            </line>
            <line>
              <![CDATA[<div>DEBUG: [08-28-2014 07:56:00 104] Finding Element By.id: gbqfq</div>]]>
            </line>
            <line>
              <![CDATA[<div>DEBUG: [08-28-2014 07:56:00 476] Verification Passed : Element (By.id: gbqfq) is visible </div>]]>
            </line>
            <line>
              <![CDATA[<div>DEBUG: [08-28-2014 07:56:00 477] Finding Element By.name: btnK</div>]]>
            </line>
            <line>
              <![CDATA[<div>DEBUG: [08-28-2014 07:56:00 820] Verification Passed : Element (By.name: btnK) is visible </div>]]>
            </line>
            <line>
              <![CDATA[<div>DEBUG: [08-28-2014 07:56:00 821] Finding Element By.name: btnI</div>]]>
            </line>
            <line>
              <![CDATA[<div>DEBUG: [08-28-2014 07:56:01 171] Verification Passed : Element (By.name: btnI) is visible </div>]]>
            </line>
            <line>
              <![CDATA[<div>DEBUG: [08-28-2014 07:56:01 172] Finding Element By.id: gb_70</div>]]>
            </line>
            <line>
              <![CDATA[<div>DEBUG: [08-28-2014 07:56:01 502] Verification Passed : Element (By.id: gb_70) is visible </div>]]>
            </line>
            <line>
              <![CDATA[<div>DEBUG: [08-28-2014 07:56:01 504] Finding Element By.linkText: Gmail</div>]]>
            </line>
            <line>
              <![CDATA[<div>DEBUG: [08-28-2014 07:56:01 980] Verification Passed : Element (By.linkText: Gmail) is visible </div>]]>
            </line>
            <line>
              <![CDATA[<div>DEBUG: [08-28-2014 07:56:02 006] Typing into Element [[FirefoxDriver: firefox on XP (2afae358-a104-41a9-bcac-fda97953638a)] -> id: gbqfq]</div>]]>
            </line>
            <line>
              <![CDATA[<div>DEBUG: [08-28-2014 07:56:02 077] Typing into Element [[FirefoxDriver: firefox on XP (2afae358-a104-41a9-bcac-fda97953638a)] -> id: gbqfq]</div>]]>
            </line>
            <line>
              <![CDATA[<div>DEBUG: [08-28-2014 07:56:02 371] Finding Element By.className: gb_Fa</div>]]>
            </line>
            <line>
              <![CDATA[<div>DEBUG: [08-28-2014 07:56:04 295] Verification Passed : Element (By.className: gb_Fa) is visible </div>]]>
            </line>
            <line>
              <![CDATA[<div>DEBUG: [08-28-2014 07:56:04 296] Finding Element By.name: q</div>]]>
            </line>
            <line>
              <![CDATA[<div>DEBUG: [08-28-2014 07:56:04 831] Verification Passed : Element (By.name: q) is visible </div>]]>
            </line>
            <line>
              <![CDATA[<div>DEBUG: [08-28-2014 07:56:04 832] Finding Element By.linkText: Sign in</div>]]>
            </line>
            <line>
              <![CDATA[<div>DEBUG: [08-28-2014 07:56:06 116] Verification Passed : Element (By.linkText: Sign in) is visible </div>]]>
            </line>
            <line>
              <![CDATA[<div>DEBUG: [08-28-2014 07:56:06 117] Finding Element By.id: gbwa</div>]]>
            </line>
            <line>
              <![CDATA[<div>DEBUG: [08-28-2014 07:56:06 496] Verification Passed : Element (By.id: gbwa) is visible </div>]]>
            </line>
            <line>
              <![CDATA[<div>DEBUG: [08-28-2014 07:56:06 497] Finding Element By.id: abar_button_opt</div>]]>
            </line>
            <line>
              <![CDATA[<div>DEBUG: [08-28-2014 07:56:06 861] Verification Passed : Element (By.id: abar_button_opt) is visible </div>]]>
            </line>
            <line>
              <![CDATA[<div>DEBUG: [08-28-2014 07:56:06 861] Finding Element By.id: gbqfb</div>]]>
            </line>
            <line>
              <![CDATA[<div>DEBUG: [08-28-2014 07:56:07 211] Verification Passed : Element (By.id: gbqfb) is visible </div>]]>
            </line>
            <line>
              <![CDATA[<div>DEBUG: [08-28-2014 07:56:07 212] Finding Element By.partialLinkText: Home << ProtoTest</div>]]>
            </line>
            <line>
              <![CDATA[<div>DEBUG: [08-28-2014 07:56:09 189] Finding Element By.partialLinkText: Home << ProtoTest</div>]]>
            </line>
            <line>
              <![CDATA[<div>DEBUG: [08-28-2014 07:56:11 141] Finding Element By.partialLinkText: Home << ProtoTest</div>]]>
            </line>
            <line>
              <![CDATA[<div>DEBUG: [08-28-2014 07:56:13 181] Finding Element By.partialLinkText: Home << ProtoTest</div>]]>
            </line>
            <line>
              <![CDATA[<div>DEBUG: [08-28-2014 07:56:15 329] Finding Element By.partialLinkText: Home << ProtoTest</div>]]>
            </line>
            <line>
              <![CDATA[<div>DEBUG: [08-28-2014 07:56:17 319] Finding Element By.partialLinkText: Home << ProtoTest</div>]]>
            </line>
            <line>
              <![CDATA[<div style="background-color:red; color:white">ERROR: (08-28-2014 07:56:19 280) Verification Failed : Element (By.partialLinkText: Home << ProtoTest) is not present</div>]]>
            </line>
            <line>
              <![CDATA[<img src="..\images\screenshot7251028302274207458.png"/>]]>
            </line>
            <line>
              <![CDATA[<div>DEBUG: [08-28-2014 07:56:20 145] Finding Element By.partialLinkText: Home << ProtoTest</div>]]>
            </line>
            <line>
              <![CDATA[<div>DEBUG: [08-28-2014 07:56:22 140] Finding Element By.partialLinkText: Home << ProtoTest</div>]]>
            </line>
            <line>
              <![CDATA[<div>DEBUG: [08-28-2014 07:56:24 111] Finding Element By.partialLinkText: Home << ProtoTest</div>]]>
            </line>
            <line>
              <![CDATA[<div>DEBUG: [08-28-2014 07:56:26 058] Finding Element By.partialLinkText: Home << ProtoTest</div>]]>
            </line>
            <line>
              <![CDATA[<div>DEBUG: [08-28-2014 07:56:28 099] Finding Element By.partialLinkText: Home << ProtoTest</div>]]>
            </line>
            <line>
              <![CDATA[<div>DEBUG: [08-28-2014 07:56:30 067] Finding Element By.partialLinkText: Home << ProtoTest</div>]]>
            </line>
            <line>
              <![CDATA[<div style="background-color:red; color:white">ERROR: (08-28-2014 07:56:32 188) Verification Failed : Element (By.partialLinkText: Home << ProtoTest) is not visible </div>]]>
            </line>
            <line>
              <![CDATA[<img src="..\images\screenshot4987710089827459176.png"/>]]>
            </line>
            <line>
              <![CDATA[<div>DEBUG: [08-28-2014 07:56:33 098] Finding Element By.partialLinkText: Home << ProtoTest</div>]]>
            </line>
          </reporter-output>
        </test-method> <!-- TestGoogle -->
        <test-method status="PASS" signature="browserTestAfterMethod(java.lang.reflect.Method)[pri:0, instance:com.prototest.appdriver.tests.GoogleTests@2d2e5f00]" name="browserTestAfterMethod" is-config="true" duration-ms="681" started-at="2014-08-28T07:56:34Z" finished-at="2014-08-28T07:56:34Z">
          <params>
            <param index="0">
              <value>
                <![CDATA[public void com.prototest.appdriver.tests.GoogleTests.TestGoogle()]]>
              </value>
            </param>
          </params>
          <reporter-output>
            <line>
              <![CDATA[<div style="color:Blue">INFO: [08-28-2014 07:56:34 128] Ending test TestGoogle</div>]]>
            </line>
            <line>
              <![CDATA[<div style="color:Blue">INFO: [08-28-2014 07:56:34 128] Running tearDown() after test</div>]]>
            </line>
          </reporter-output>
        </test-method> <!-- browserTestAfterMethod -->
      </class> <!-- com.prototest.appdriver.tests.GoogleTests -->
    </test> <!-- appdriver-parent -->
  </suite> <!-- Custom suite -->
</testng-results>
