<?xml version="1.0" encoding="UTF-8"?>
<testng-results skipped="0" failed="1" total="1" passed="0">
  <reporter-output>
    <line>
      <![CDATA[<div style="color:Blue">INFO: [08-25-2014 01:00:35 386] Starting test TestGoogle</div>]]>
    </line>
    <line>
      <![CDATA[<div style="color:Blue">INFO: [08-25-2014 01:00:35 397] Running setUp before test</div>]]>
    </line>
    <line>
      <![CDATA[<div>DEBUG: [08-25-2014 01:00:44 510] Navigating to http://www.google.com/</div>]]>
    </line>
    <line>
      <![CDATA[<div>DEBUG: [08-25-2014 01:00:47 887] Finding Element By.id: gbqfq</div>]]>
    </line>
    <line>
      <![CDATA[<div>DEBUG: [08-25-2014 01:00:48 514] Verification Passed : Element (By.id: gbqfq) is visible </div>]]>
    </line>
    <line>
      <![CDATA[<div>DEBUG: [08-25-2014 01:00:48 520] Finding Element By.name: btnK</div>]]>
    </line>
    <line>
      <![CDATA[<div>DEBUG: [08-25-2014 01:00:48 899] Verification Passed : Element (By.name: btnK) is visible </div>]]>
    </line>
    <line>
      <![CDATA[<div>DEBUG: [08-25-2014 01:00:48 901] Finding Element By.name: btnI</div>]]>
    </line>
    <line>
      <![CDATA[<div>DEBUG: [08-25-2014 01:00:49 288] Verification Passed : Element (By.name: btnI) is visible </div>]]>
    </line>
    <line>
      <![CDATA[<div>DEBUG: [08-25-2014 01:00:49 289] Finding Element By.id: gb_70</div>]]>
    </line>
    <line>
      <![CDATA[<div>DEBUG: [08-25-2014 01:00:49 725] Verification Passed : Element (By.id: gb_70) is visible </div>]]>
    </line>
    <line>
      <![CDATA[<div>DEBUG: [08-25-2014 01:00:49 726] Finding Element By.className: gb_c</div>]]>
    </line>
    <line>
      <![CDATA[<div>DEBUG: [08-25-2014 01:00:53 330] Finding Element By.className: gb_c</div>]]>
    </line>
    <line>
      <![CDATA[<div>DEBUG: [08-25-2014 01:00:56 827] Finding Element By.className: gb_c</div>]]>
    </line>
    <line>
      <![CDATA[<div>DEBUG: [08-25-2014 01:00:59 973] Finding Element By.className: gb_c</div>]]>
    </line>
    <line>
      <![CDATA[<div style="background-color:red; color:white">ERROR: (08-25-2014 01:01:03 191) Verification Failed : Element (By.className: gb_c) is not visible </div>]]>
    </line>
    <line>
      <![CDATA[<img src="..\images\screenshot4763441317633501117.png"/>]]>
    </line>
    <line>
      <![CDATA[<div>DEBUG: [08-25-2014 01:01:03 443] Typing into Element [[FirefoxDriver: firefox on XP (cbaa1c7b-782e-47c8-b771-f800936d7bfa)] -> id: gbqfq]</div>]]>
    </line>
    <line>
      <![CDATA[<div>DEBUG: [08-25-2014 01:01:03 517] Typing into Element [[FirefoxDriver: firefox on XP (cbaa1c7b-782e-47c8-b771-f800936d7bfa)] -> id: gbqfq]</div>]]>
    </line>
    <line>
      <![CDATA[<div>DEBUG: [08-25-2014 01:01:04 072] Finding Element By.partialLinkText: Home « ProtoTest</div>]]>
    </line>
    <line>
      <![CDATA[<div>DEBUG: [08-25-2014 01:01:05 365] Finding Element By.partialLinkText: Home « ProtoTest</div>]]>
    </line>
    <line>
      <![CDATA[<div>DEBUG: [08-25-2014 01:01:06 652] Verification Passed : Element (By.partialLinkText: Home « ProtoTest) is present</div>]]>
    </line>
    <line>
      <![CDATA[<div>DEBUG: [08-25-2014 01:01:06 653] Finding Element By.partialLinkText: Home « ProtoTest</div>]]>
    </line>
    <line>
      <![CDATA[<div>DEBUG: [08-25-2014 01:01:07 866] Verification Passed : Element (By.partialLinkText: Home « ProtoTest) is visible </div>]]>
    </line>
    <line>
      <![CDATA[<div>DEBUG: [08-25-2014 01:01:07 873] Finding Element By.partialLinkText: asdfasdf</div>]]>
    </line>
    <line>
      <![CDATA[<div>DEBUG: [08-25-2014 01:01:09 767] Finding Element By.partialLinkText: asdfasdf</div>]]>
    </line>
    <line>
      <![CDATA[<div>DEBUG: [08-25-2014 01:01:11 682] Finding Element By.partialLinkText: asdfasdf</div>]]>
    </line>
    <line>
      <![CDATA[<div>DEBUG: [08-25-2014 01:01:13 706] Finding Element By.partialLinkText: asdfasdf</div>]]>
    </line>
    <line>
      <![CDATA[<div>DEBUG: [08-25-2014 01:01:15 664] Finding Element By.partialLinkText: asdfasdf</div>]]>
    </line>
    <line>
      <![CDATA[<div>DEBUG: [08-25-2014 01:01:17 616] Finding Element By.partialLinkText: asdfasdf</div>]]>
    </line>
    <line>
      <![CDATA[<div>DEBUG: [08-25-2014 01:01:19 498] Verification Passed : Element (By.partialLinkText: asdfasdf) is not present</div>]]>
    </line>
    <line>
      <![CDATA[<div>DEBUG: [08-25-2014 01:01:19 499] Finding Element By.partialLinkText: asdfasdf</div>]]>
    </line>
    <line>
      <![CDATA[<div>DEBUG: [08-25-2014 01:01:21 420] Finding Element By.partialLinkText: asdfasdf</div>]]>
    </line>
    <line>
      <![CDATA[<div>DEBUG: [08-25-2014 01:01:23 447] Finding Element By.partialLinkText: asdfasdf</div>]]>
    </line>
    <line>
      <![CDATA[<div>DEBUG: [08-25-2014 01:01:25 438] Finding Element By.partialLinkText: asdfasdf</div>]]>
    </line>
    <line>
      <![CDATA[<div>DEBUG: [08-25-2014 01:01:27 548] Finding Element By.partialLinkText: asdfasdf</div>]]>
    </line>
    <line>
      <![CDATA[<div>DEBUG: [08-25-2014 01:01:29 470] Finding Element By.partialLinkText: asdfasdf</div>]]>
    </line>
    <line>
      <![CDATA[<div>DEBUG: [08-25-2014 01:01:31 401] Verification Passed : Element (By.partialLinkText: asdfasdf) is not visible </div>]]>
    </line>
    <line>
      <![CDATA[<div>DEBUG: [08-25-2014 01:01:31 402] Finding Element By.partialLinkText: Home « ProtoTest</div>]]>
    </line>
    <line>
      <![CDATA[<div>DEBUG: [08-25-2014 01:01:32 488] Clicking Element [[FirefoxDriver: firefox on XP (cbaa1c7b-782e-47c8-b771-f800936d7bfa)] -> partial link text: Home « ProtoTest]</div>]]>
    </line>
    <line>
      <![CDATA[<div style="color:Blue">INFO: [08-25-2014 01:01:32 817] Ending test TestGoogle</div>]]>
    </line>
    <line>
      <![CDATA[<div style="color:Blue">INFO: [08-25-2014 01:01:32 818] Running tearDown() after test</div>]]>
    </line>
  </reporter-output>
  <suite name="Custom suite" duration-ms="58157" started-at="2014-08-25T19:00:35Z" finished-at="2014-08-25T19:01:33Z">
    <groups>
    </groups>
    <test name="appdriver-parent" duration-ms="58157" started-at="2014-08-25T19:00:35Z" finished-at="2014-08-25T19:01:33Z">
      <class name="com.prototest.appdriver.tests.GoogleTests">
        <test-method status="PASS" signature="browserTestBeforeMethod(java.lang.reflect.Method, java.lang.String, java.lang.String, java.lang.Integer)[pri:0, instance:com.prototest.appdriver.tests.GoogleTests@2d2e5f00]" name="browserTestBeforeMethod" is-config="true" duration-ms="9010" started-at="2014-08-25T13:00:35Z" finished-at="2014-08-25T13:00:44Z">
          <params>
            <param index="0">
              <value>
                <![CDATA[public void com.prototest.appdriver.tests.GoogleTests.TestGoogle()]]>
              </value>
            </param>
            <param index="1">
              <value is-null="true"/>
            </param>
            <param index="2">
              <value is-null="true"/>
            </param>
            <param index="3">
              <value is-null="true"/>
            </param>
          </params>
          <reporter-output>
            <line>
              <![CDATA[<div style="color:Blue">INFO: [08-25-2014 01:00:35 386] Starting test TestGoogle</div>]]>
            </line>
            <line>
              <![CDATA[<div style="color:Blue">INFO: [08-25-2014 01:00:35 397] Running setUp before test</div>]]>
            </line>
          </reporter-output>
        </test-method> <!-- browserTestBeforeMethod -->
        <test-method status="FAIL" signature="TestGoogle()[pri:0, instance:com.prototest.appdriver.tests.GoogleTests@2d2e5f00]" name="TestGoogle" duration-ms="48441" started-at="2014-08-25T13:00:44Z" finished-at="2014-08-25T13:01:32Z">
          <exception class="java.lang.AssertionError">
            <message>
              <![CDATA[The test failed due to verification errors:
	Element (By.className: gb_c) is not visible ]]>
            </message>
            <full-stacktrace>
              <![CDATA[java.lang.AssertionError: The test failed due to verification errors:
	Element (By.className: gb_c) is not visible 
	at org.testng.Assert.fail(Assert.java:94)
	at com.prototest.appdriver.Verifications.assertVerifications(Verifications.java:63)
	at com.prototest.appdriver.VerificationsListener.run(VerificationsListener.java:14)
	at sun.reflect.NativeMethodAccessorImpl.invoke0(Native Method)
	at sun.reflect.NativeMethodAccessorImpl.invoke(NativeMethodAccessorImpl.java:62)
	at sun.reflect.DelegatingMethodAccessorImpl.invoke(DelegatingMethodAccessorImpl.java:43)
	at java.lang.reflect.Method.invoke(Method.java:483)
	at org.testng.internal.MethodInvocationHelper.invokeHookable(MethodInvocationHelper.java:212)
	at org.testng.internal.Invoker.invokeMethod(Invoker.java:707)
	at org.testng.internal.Invoker.invokeTestMethod(Invoker.java:901)
	at org.testng.internal.Invoker.invokeTestMethods(Invoker.java:1231)
	at org.testng.internal.TestMethodWorker.invokeTestMethods(TestMethodWorker.java:127)
	at org.testng.internal.TestMethodWorker.run(TestMethodWorker.java:111)
	at org.testng.TestRunner.privateRun(TestRunner.java:767)
	at org.testng.TestRunner.run(TestRunner.java:617)
	at org.testng.SuiteRunner.runTest(SuiteRunner.java:334)
	at org.testng.SuiteRunner.runSequentially(SuiteRunner.java:329)
	at org.testng.SuiteRunner.privateRun(SuiteRunner.java:291)
	at org.testng.SuiteRunner.run(SuiteRunner.java:240)
	at org.testng.SuiteRunnerWorker.runSuite(SuiteRunnerWorker.java:52)
	at org.testng.SuiteRunnerWorker.run(SuiteRunnerWorker.java:86)
	at org.testng.TestNG.runSuitesSequentially(TestNG.java:1224)
	at org.testng.TestNG.runSuitesLocally(TestNG.java:1149)
	at org.testng.TestNG.run(TestNG.java:1057)
	at org.testng.remote.RemoteTestNG.run(RemoteTestNG.java:111)
	at org.testng.remote.RemoteTestNG.initAndRun(RemoteTestNG.java:204)
	at org.testng.remote.RemoteTestNG.main(RemoteTestNG.java:175)
	at org.testng.RemoteTestNGStarter.main(RemoteTestNGStarter.java:125)
	at sun.reflect.NativeMethodAccessorImpl.invoke0(Native Method)
	at sun.reflect.NativeMethodAccessorImpl.invoke(NativeMethodAccessorImpl.java:62)
	at sun.reflect.DelegatingMethodAccessorImpl.invoke(DelegatingMethodAccessorImpl.java:43)
	at java.lang.reflect.Method.invoke(Method.java:483)
	at com.intellij.rt.execution.application.AppMain.main(AppMain.java:134)
]]>
            </full-stacktrace>
          </exception> <!-- java.lang.AssertionError -->
          <reporter-output>
            <line>
              <![CDATA[<div>DEBUG: [08-25-2014 01:00:44 510] Navigating to http://www.google.com/</div>]]>
            </line>
            <line>
              <![CDATA[<div>DEBUG: [08-25-2014 01:00:47 887] Finding Element By.id: gbqfq</div>]]>
            </line>
            <line>
              <![CDATA[<div>DEBUG: [08-25-2014 01:00:48 514] Verification Passed : Element (By.id: gbqfq) is visible </div>]]>
            </line>
            <line>
              <![CDATA[<div>DEBUG: [08-25-2014 01:00:48 520] Finding Element By.name: btnK</div>]]>
            </line>
            <line>
              <![CDATA[<div>DEBUG: [08-25-2014 01:00:48 899] Verification Passed : Element (By.name: btnK) is visible </div>]]>
            </line>
            <line>
              <![CDATA[<div>DEBUG: [08-25-2014 01:00:48 901] Finding Element By.name: btnI</div>]]>
            </line>
            <line>
              <![CDATA[<div>DEBUG: [08-25-2014 01:00:49 288] Verification Passed : Element (By.name: btnI) is visible </div>]]>
            </line>
            <line>
              <![CDATA[<div>DEBUG: [08-25-2014 01:00:49 289] Finding Element By.id: gb_70</div>]]>
            </line>
            <line>
              <![CDATA[<div>DEBUG: [08-25-2014 01:00:49 725] Verification Passed : Element (By.id: gb_70) is visible </div>]]>
            </line>
            <line>
              <![CDATA[<div>DEBUG: [08-25-2014 01:00:49 726] Finding Element By.className: gb_c</div>]]>
            </line>
            <line>
              <![CDATA[<div>DEBUG: [08-25-2014 01:00:53 330] Finding Element By.className: gb_c</div>]]>
            </line>
            <line>
              <![CDATA[<div>DEBUG: [08-25-2014 01:00:56 827] Finding Element By.className: gb_c</div>]]>
            </line>
            <line>
              <![CDATA[<div>DEBUG: [08-25-2014 01:00:59 973] Finding Element By.className: gb_c</div>]]>
            </line>
            <line>
              <![CDATA[<div style="background-color:red; color:white">ERROR: (08-25-2014 01:01:03 191) Verification Failed : Element (By.className: gb_c) is not visible </div>]]>
            </line>
            <line>
              <![CDATA[<img src="..\images\screenshot4763441317633501117.png"/>]]>
            </line>
            <line>
              <![CDATA[<div>DEBUG: [08-25-2014 01:01:03 443] Typing into Element [[FirefoxDriver: firefox on XP (cbaa1c7b-782e-47c8-b771-f800936d7bfa)] -> id: gbqfq]</div>]]>
            </line>
            <line>
              <![CDATA[<div>DEBUG: [08-25-2014 01:01:03 517] Typing into Element [[FirefoxDriver: firefox on XP (cbaa1c7b-782e-47c8-b771-f800936d7bfa)] -> id: gbqfq]</div>]]>
            </line>
            <line>
              <![CDATA[<div>DEBUG: [08-25-2014 01:01:04 072] Finding Element By.partialLinkText: Home « ProtoTest</div>]]>
            </line>
            <line>
              <![CDATA[<div>DEBUG: [08-25-2014 01:01:05 365] Finding Element By.partialLinkText: Home « ProtoTest</div>]]>
            </line>
            <line>
              <![CDATA[<div>DEBUG: [08-25-2014 01:01:06 652] Verification Passed : Element (By.partialLinkText: Home « ProtoTest) is present</div>]]>
            </line>
            <line>
              <![CDATA[<div>DEBUG: [08-25-2014 01:01:06 653] Finding Element By.partialLinkText: Home « ProtoTest</div>]]>
            </line>
            <line>
              <![CDATA[<div>DEBUG: [08-25-2014 01:01:07 866] Verification Passed : Element (By.partialLinkText: Home « ProtoTest) is visible </div>]]>
            </line>
            <line>
              <![CDATA[<div>DEBUG: [08-25-2014 01:01:07 873] Finding Element By.partialLinkText: asdfasdf</div>]]>
            </line>
            <line>
              <![CDATA[<div>DEBUG: [08-25-2014 01:01:09 767] Finding Element By.partialLinkText: asdfasdf</div>]]>
            </line>
            <line>
              <![CDATA[<div>DEBUG: [08-25-2014 01:01:11 682] Finding Element By.partialLinkText: asdfasdf</div>]]>
            </line>
            <line>
              <![CDATA[<div>DEBUG: [08-25-2014 01:01:13 706] Finding Element By.partialLinkText: asdfasdf</div>]]>
            </line>
            <line>
              <![CDATA[<div>DEBUG: [08-25-2014 01:01:15 664] Finding Element By.partialLinkText: asdfasdf</div>]]>
            </line>
            <line>
              <![CDATA[<div>DEBUG: [08-25-2014 01:01:17 616] Finding Element By.partialLinkText: asdfasdf</div>]]>
            </line>
            <line>
              <![CDATA[<div>DEBUG: [08-25-2014 01:01:19 498] Verification Passed : Element (By.partialLinkText: asdfasdf) is not present</div>]]>
            </line>
            <line>
              <![CDATA[<div>DEBUG: [08-25-2014 01:01:19 499] Finding Element By.partialLinkText: asdfasdf</div>]]>
            </line>
            <line>
              <![CDATA[<div>DEBUG: [08-25-2014 01:01:21 420] Finding Element By.partialLinkText: asdfasdf</div>]]>
            </line>
            <line>
              <![CDATA[<div>DEBUG: [08-25-2014 01:01:23 447] Finding Element By.partialLinkText: asdfasdf</div>]]>
            </line>
            <line>
              <![CDATA[<div>DEBUG: [08-25-2014 01:01:25 438] Finding Element By.partialLinkText: asdfasdf</div>]]>
            </line>
            <line>
              <![CDATA[<div>DEBUG: [08-25-2014 01:01:27 548] Finding Element By.partialLinkText: asdfasdf</div>]]>
            </line>
            <line>
              <![CDATA[<div>DEBUG: [08-25-2014 01:01:29 470] Finding Element By.partialLinkText: asdfasdf</div>]]>
            </line>
            <line>
              <![CDATA[<div>DEBUG: [08-25-2014 01:01:31 401] Verification Passed : Element (By.partialLinkText: asdfasdf) is not visible </div>]]>
            </line>
            <line>
              <![CDATA[<div>DEBUG: [08-25-2014 01:01:31 402] Finding Element By.partialLinkText: Home « ProtoTest</div>]]>
            </line>
            <line>
              <![CDATA[<div>DEBUG: [08-25-2014 01:01:32 488] Clicking Element [[FirefoxDriver: firefox on XP (cbaa1c7b-782e-47c8-b771-f800936d7bfa)] -> partial link text: Home « ProtoTest]</div>]]>
            </line>
          </reporter-output>
        </test-method> <!-- TestGoogle -->
        <test-method status="PASS" signature="browserTestAfterMethod(java.lang.reflect.Method)[pri:0, instance:com.prototest.appdriver.tests.GoogleTests@2d2e5f00]" name="browserTestAfterMethod" is-config="true" duration-ms="671" started-at="2014-08-25T13:01:32Z" finished-at="2014-08-25T13:01:33Z">
          <params>
            <param index="0">
              <value>
                <![CDATA[public void com.prototest.appdriver.tests.GoogleTests.TestGoogle()]]>
              </value>
            </param>
          </params>
          <reporter-output>
            <line>
              <![CDATA[<div style="color:Blue">INFO: [08-25-2014 01:01:32 817] Ending test TestGoogle</div>]]>
            </line>
            <line>
              <![CDATA[<div style="color:Blue">INFO: [08-25-2014 01:01:32 818] Running tearDown() after test</div>]]>
            </line>
          </reporter-output>
        </test-method> <!-- browserTestAfterMethod -->
      </class> <!-- com.prototest.appdriver.tests.GoogleTests -->
    </test> <!-- appdriver-parent -->
  </suite> <!-- Custom suite -->
</testng-results>
