<?xml version="1.0" encoding="UTF-8"?>
<testng-results skipped="0" failed="1" total="1" passed="0">
  <reporter-output>
    <line>
      <![CDATA[<div style="color:Blue">INFO: [07-16-2014 03:58:02 823] Starting test TestGoogle</div>]]>
    </line>
    <line>
      <![CDATA[<div style="color:Blue">INFO: [07-16-2014 03:58:02 830] Running setUp before test</div>]]>
    </line>
    <line>
      <![CDATA[<div>DEBUG: [07-16-2014 03:58:05 706] launchBrowser(): Using browser = Chrome</div>]]>
    </line>
    <line>
      <![CDATA[<div>DEBUG: [07-16-2014 03:58:05 995] Navigating to http://www.google.com/</div>]]>
    </line>
    <line>
      <![CDATA[<div>DEBUG: [07-16-2014 03:58:09 007] Finding Element By.name: q</div>]]>
    </line>
    <line>
      <![CDATA[<div>DEBUG: [07-16-2014 03:58:09 170] Verification Passed : Element (By.name: q) is visible </div>]]>
    </line>
    <line>
      <![CDATA[<div>DEBUG: [07-16-2014 03:58:09 172] Finding Element By.name: btnK</div>]]>
    </line>
    <line>
      <![CDATA[<div>DEBUG: [07-16-2014 03:58:09 312] Verification Passed : Element (By.name: btnK) is visible </div>]]>
    </line>
    <line>
      <![CDATA[<div>DEBUG: [07-16-2014 03:58:09 312] Finding Element By.name: btnI</div>]]>
    </line>
    <line>
      <![CDATA[<div>DEBUG: [07-16-2014 03:58:09 440] Verification Passed : Element (By.name: btnI) is visible </div>]]>
    </line>
    <line>
      <![CDATA[<div>DEBUG: [07-16-2014 03:58:09 440] Finding Element By.className: gbit</div>]]>
    </line>
    <line>
      <![CDATA[<div>DEBUG: [07-16-2014 03:58:10 462] Finding Element By.className: gbit</div>]]>
    </line>
    <line>
      <![CDATA[<div>DEBUG: [07-16-2014 03:58:11 492] Finding Element By.className: gbit</div>]]>
    </line>
    <line>
      <![CDATA[<div>DEBUG: [07-16-2014 03:58:12 522] Finding Element By.className: gbit</div>]]>
    </line>
    <line>
      <![CDATA[<div>DEBUG: [07-16-2014 03:58:13 552] Finding Element By.className: gbit</div>]]>
    </line>
    <line>
      <![CDATA[<div style="background-color:red; color:white">ERROR: (07-16-2014 03:58:14 562) Verification Failed : Element (By.className: gbit) is not visible </div>]]>
    </line>
    <line>
      <![CDATA[<img src="..\images\screenshot3901704395595789978.png"/>]]>
    </line>
    <line>
      <![CDATA[<div>DEBUG: [07-16-2014 03:58:14 913] Finding Element By.className: gbts</div>]]>
    </line>
    <line>
      <![CDATA[<div>DEBUG: [07-16-2014 03:58:15 965] Finding Element By.className: gbts</div>]]>
    </line>
    <line>
      <![CDATA[<div>DEBUG: [07-16-2014 03:58:16 976] Finding Element By.className: gbts</div>]]>
    </line>
    <line>
      <![CDATA[<div>DEBUG: [07-16-2014 03:58:18 006] Finding Element By.className: gbts</div>]]>
    </line>
    <line>
      <![CDATA[<div>DEBUG: [07-16-2014 03:58:19 035] Finding Element By.className: gbts</div>]]>
    </line>
    <line>
      <![CDATA[<div style="background-color:red; color:white">ERROR: (07-16-2014 03:58:20 046) Verification Failed : Element (By.className: gbts) is not visible </div>]]>
    </line>
    <line>
      <![CDATA[<img src="..\images\screenshot7133627333478226180.png"/>]]>
    </line>
    <line>
      <![CDATA[<div>DEBUG: [07-16-2014 03:58:20 350] Typing into Element [[ChromeDriver: chrome on WIN8_1 (b7684efd69745272fdca2973660c74c9)] -> name: q]</div>]]>
    </line>
    <line>
      <![CDATA[<div>DEBUG: [07-16-2014 03:58:20 383] Typing into Element [[ChromeDriver: chrome on WIN8_1 (b7684efd69745272fdca2973660c74c9)] -> name: q]</div>]]>
    </line>
    <line>
      <![CDATA[<div>DEBUG: [07-16-2014 03:58:20 549] Finding Element By.partialLinkText: Home « ProtoTest</div>]]>
    </line>
    <line>
      <![CDATA[<div>DEBUG: [07-16-2014 03:58:21 591] Finding Element By.partialLinkText: Home « ProtoTest</div>]]>
    </line>
    <line>
      <![CDATA[<div>DEBUG: [07-16-2014 03:58:21 858] Verification Passed : Element (By.partialLinkText: Home « ProtoTest) is present</div>]]>
    </line>
    <line>
      <![CDATA[<div>DEBUG: [07-16-2014 03:58:21 859] Finding Element By.partialLinkText: Home « ProtoTest</div>]]>
    </line>
    <line>
      <![CDATA[<div>DEBUG: [07-16-2014 03:58:22 120] Verification Passed : Element (By.partialLinkText: Home « ProtoTest) is visible </div>]]>
    </line>
    <line>
      <![CDATA[<div>DEBUG: [07-16-2014 03:58:22 123] Finding Element By.partialLinkText: asdfasdf</div>]]>
    </line>
    <line>
      <![CDATA[<div>DEBUG: [07-16-2014 03:58:23 319] Finding Element By.partialLinkText: asdfasdf</div>]]>
    </line>
    <line>
      <![CDATA[<div>DEBUG: [07-16-2014 03:58:24 553] Finding Element By.partialLinkText: asdfasdf</div>]]>
    </line>
    <line>
      <![CDATA[<div>DEBUG: [07-16-2014 03:58:25 738] Finding Element By.partialLinkText: asdfasdf</div>]]>
    </line>
    <line>
      <![CDATA[<div>DEBUG: [07-16-2014 03:58:26 947] Finding Element By.partialLinkText: asdfasdf</div>]]>
    </line>
    <line>
      <![CDATA[<div>DEBUG: [07-16-2014 03:58:28 127] Verification Passed : Element (By.partialLinkText: asdfasdf) is not present</div>]]>
    </line>
    <line>
      <![CDATA[<div>DEBUG: [07-16-2014 03:58:28 129] Finding Element By.partialLinkText: asdfasdf</div>]]>
    </line>
    <line>
      <![CDATA[<div>DEBUG: [07-16-2014 03:58:29 304] Finding Element By.partialLinkText: asdfasdf</div>]]>
    </line>
    <line>
      <![CDATA[<div>DEBUG: [07-16-2014 03:58:30 452] Finding Element By.partialLinkText: asdfasdf</div>]]>
    </line>
    <line>
      <![CDATA[<div>DEBUG: [07-16-2014 03:58:31 636] Finding Element By.partialLinkText: asdfasdf</div>]]>
    </line>
    <line>
      <![CDATA[<div>DEBUG: [07-16-2014 03:58:32 811] Finding Element By.partialLinkText: asdfasdf</div>]]>
    </line>
    <line>
      <![CDATA[<div>DEBUG: [07-16-2014 03:58:33 995] Verification Passed : Element (By.partialLinkText: asdfasdf) is not visible </div>]]>
    </line>
    <line>
      <![CDATA[<div>DEBUG: [07-16-2014 03:58:33 995] Finding Element By.partialLinkText: Home « ProtoTest</div>]]>
    </line>
    <line>
      <![CDATA[<div>DEBUG: [07-16-2014 03:58:34 207] Clicking Element [[ChromeDriver: chrome on WIN8_1 (b7684efd69745272fdca2973660c74c9)] -> partial link text: Home « ProtoTest]</div>]]>
    </line>
    <line>
      <![CDATA[<div style="background-color:red; color:white">ERROR: (07-16-2014 03:58:36 528) Test Failed, taking a screenshot</div>]]>
    </line>
    <line>
      <![CDATA[<img src="..\images\screenshot1969425405333986210.png"/>]]>
    </line>
    <line>
      <![CDATA[<div style="color:Blue">INFO: [07-16-2014 03:58:36 860] Ending test TestGoogle</div>]]>
    </line>
    <line>
      <![CDATA[<div style="color:Blue">INFO: [07-16-2014 03:58:36 861] Running tearDown() after test</div>]]>
    </line>
  </reporter-output>
  <suite name="Custom suite" duration-ms="35424" started-at="2014-07-16T21:58:02Z" finished-at="2014-07-16T21:58:38Z">
    <groups>
    </groups>
    <test name="appdriver-parent" duration-ms="35424" started-at="2014-07-16T21:58:02Z" finished-at="2014-07-16T21:58:38Z">
      <class name="com.prototest.appdriver.tests.GoogleTests">
        <test-method status="PASS" signature="browserTestBeforeMethod(java.lang.reflect.Method)[pri:0, instance:com.prototest.appdriver.tests.GoogleTests@2f7c7260]" name="browserTestBeforeMethod" is-config="true" duration-ms="3254" started-at="2014-07-16T15:58:02Z" finished-at="2014-07-16T15:58:05Z">
          <params>
            <param index="0">
              <value>
                <![CDATA[public void com.prototest.appdriver.tests.GoogleTests.TestGoogle()]]>
              </value>
            </param>
          </params>
          <reporter-output>
            <line>
              <![CDATA[<div style="color:Blue">INFO: [07-16-2014 03:58:02 823] Starting test TestGoogle</div>]]>
            </line>
            <line>
              <![CDATA[<div style="color:Blue">INFO: [07-16-2014 03:58:02 830] Running setUp before test</div>]]>
            </line>
            <line>
              <![CDATA[<div>DEBUG: [07-16-2014 03:58:05 706] launchBrowser(): Using browser = Chrome</div>]]>
            </line>
          </reporter-output>
        </test-method> <!-- browserTestBeforeMethod -->
        <test-method status="FAIL" signature="TestGoogle()[pri:0, instance:com.prototest.appdriver.tests.GoogleTests@2f7c7260]" name="TestGoogle" duration-ms="30551" started-at="2014-07-16T15:58:05Z" finished-at="2014-07-16T15:58:36Z">
          <exception class="java.lang.AssertionError">
            <message>
              <![CDATA[The test failed due to verification errors:
	Element (By.className: gbit) is not visible 	Element (By.className: gbts) is not visible ]]>
            </message>
            <full-stacktrace>
              <![CDATA[java.lang.AssertionError: The test failed due to verification errors:
	Element (By.className: gbit) is not visible 	Element (By.className: gbts) is not visible 
	at org.testng.Assert.fail(Assert.java:94)
	at com.prototest.appdriver.Verifications.assertVerifications(Verifications.java:59)
	at com.prototest.appdriver.VerificationsListener.run(VerificationsListener.java:14)
	at sun.reflect.NativeMethodAccessorImpl.invoke0(Native Method)
	at sun.reflect.NativeMethodAccessorImpl.invoke(NativeMethodAccessorImpl.java:62)
	at sun.reflect.DelegatingMethodAccessorImpl.invoke(DelegatingMethodAccessorImpl.java:43)
	at java.lang.reflect.Method.invoke(Method.java:483)
	at org.testng.internal.MethodInvocationHelper.invokeHookable(MethodInvocationHelper.java:212)
	at org.testng.internal.Invoker.invokeMethod(Invoker.java:707)
	at org.testng.internal.Invoker.invokeTestMethod(Invoker.java:901)
	at org.testng.internal.Invoker.invokeTestMethods(Invoker.java:1231)
	at org.testng.internal.TestMethodWorker.invokeTestMethods(TestMethodWorker.java:127)
	at org.testng.internal.TestMethodWorker.run(TestMethodWorker.java:111)
	at org.testng.TestRunner.privateRun(TestRunner.java:767)
	at org.testng.TestRunner.run(TestRunner.java:617)
	at org.testng.SuiteRunner.runTest(SuiteRunner.java:334)
	at org.testng.SuiteRunner.runSequentially(SuiteRunner.java:329)
	at org.testng.SuiteRunner.privateRun(SuiteRunner.java:291)
	at org.testng.SuiteRunner.run(SuiteRunner.java:240)
	at org.testng.SuiteRunnerWorker.runSuite(SuiteRunnerWorker.java:52)
	at org.testng.SuiteRunnerWorker.run(SuiteRunnerWorker.java:86)
	at org.testng.TestNG.runSuitesSequentially(TestNG.java:1224)
	at org.testng.TestNG.runSuitesLocally(TestNG.java:1149)
	at org.testng.TestNG.run(TestNG.java:1057)
	at org.testng.remote.RemoteTestNG.run(RemoteTestNG.java:111)
	at org.testng.remote.RemoteTestNG.initAndRun(RemoteTestNG.java:204)
	at org.testng.remote.RemoteTestNG.main(RemoteTestNG.java:175)
	at org.testng.RemoteTestNGStarter.main(RemoteTestNGStarter.java:125)
	at sun.reflect.NativeMethodAccessorImpl.invoke0(Native Method)
	at sun.reflect.NativeMethodAccessorImpl.invoke(NativeMethodAccessorImpl.java:62)
	at sun.reflect.DelegatingMethodAccessorImpl.invoke(DelegatingMethodAccessorImpl.java:43)
	at java.lang.reflect.Method.invoke(Method.java:483)
	at com.intellij.rt.execution.application.AppMain.main(AppMain.java:134)
]]>
            </full-stacktrace>
          </exception> <!-- java.lang.AssertionError -->
          <reporter-output>
            <line>
              <![CDATA[<div>DEBUG: [07-16-2014 03:58:05 995] Navigating to http://www.google.com/</div>]]>
            </line>
            <line>
              <![CDATA[<div>DEBUG: [07-16-2014 03:58:09 007] Finding Element By.name: q</div>]]>
            </line>
            <line>
              <![CDATA[<div>DEBUG: [07-16-2014 03:58:09 170] Verification Passed : Element (By.name: q) is visible </div>]]>
            </line>
            <line>
              <![CDATA[<div>DEBUG: [07-16-2014 03:58:09 172] Finding Element By.name: btnK</div>]]>
            </line>
            <line>
              <![CDATA[<div>DEBUG: [07-16-2014 03:58:09 312] Verification Passed : Element (By.name: btnK) is visible </div>]]>
            </line>
            <line>
              <![CDATA[<div>DEBUG: [07-16-2014 03:58:09 312] Finding Element By.name: btnI</div>]]>
            </line>
            <line>
              <![CDATA[<div>DEBUG: [07-16-2014 03:58:09 440] Verification Passed : Element (By.name: btnI) is visible </div>]]>
            </line>
            <line>
              <![CDATA[<div>DEBUG: [07-16-2014 03:58:09 440] Finding Element By.className: gbit</div>]]>
            </line>
            <line>
              <![CDATA[<div>DEBUG: [07-16-2014 03:58:10 462] Finding Element By.className: gbit</div>]]>
            </line>
            <line>
              <![CDATA[<div>DEBUG: [07-16-2014 03:58:11 492] Finding Element By.className: gbit</div>]]>
            </line>
            <line>
              <![CDATA[<div>DEBUG: [07-16-2014 03:58:12 522] Finding Element By.className: gbit</div>]]>
            </line>
            <line>
              <![CDATA[<div>DEBUG: [07-16-2014 03:58:13 552] Finding Element By.className: gbit</div>]]>
            </line>
            <line>
              <![CDATA[<div style="background-color:red; color:white">ERROR: (07-16-2014 03:58:14 562) Verification Failed : Element (By.className: gbit) is not visible </div>]]>
            </line>
            <line>
              <![CDATA[<img src="..\images\screenshot3901704395595789978.png"/>]]>
            </line>
            <line>
              <![CDATA[<div>DEBUG: [07-16-2014 03:58:14 913] Finding Element By.className: gbts</div>]]>
            </line>
            <line>
              <![CDATA[<div>DEBUG: [07-16-2014 03:58:15 965] Finding Element By.className: gbts</div>]]>
            </line>
            <line>
              <![CDATA[<div>DEBUG: [07-16-2014 03:58:16 976] Finding Element By.className: gbts</div>]]>
            </line>
            <line>
              <![CDATA[<div>DEBUG: [07-16-2014 03:58:18 006] Finding Element By.className: gbts</div>]]>
            </line>
            <line>
              <![CDATA[<div>DEBUG: [07-16-2014 03:58:19 035] Finding Element By.className: gbts</div>]]>
            </line>
            <line>
              <![CDATA[<div style="background-color:red; color:white">ERROR: (07-16-2014 03:58:20 046) Verification Failed : Element (By.className: gbts) is not visible </div>]]>
            </line>
            <line>
              <![CDATA[<img src="..\images\screenshot7133627333478226180.png"/>]]>
            </line>
            <line>
              <![CDATA[<div>DEBUG: [07-16-2014 03:58:20 350] Typing into Element [[ChromeDriver: chrome on WIN8_1 (b7684efd69745272fdca2973660c74c9)] -> name: q]</div>]]>
            </line>
            <line>
              <![CDATA[<div>DEBUG: [07-16-2014 03:58:20 383] Typing into Element [[ChromeDriver: chrome on WIN8_1 (b7684efd69745272fdca2973660c74c9)] -> name: q]</div>]]>
            </line>
            <line>
              <![CDATA[<div>DEBUG: [07-16-2014 03:58:20 549] Finding Element By.partialLinkText: Home « ProtoTest</div>]]>
            </line>
            <line>
              <![CDATA[<div>DEBUG: [07-16-2014 03:58:21 591] Finding Element By.partialLinkText: Home « ProtoTest</div>]]>
            </line>
            <line>
              <![CDATA[<div>DEBUG: [07-16-2014 03:58:21 858] Verification Passed : Element (By.partialLinkText: Home « ProtoTest) is present</div>]]>
            </line>
            <line>
              <![CDATA[<div>DEBUG: [07-16-2014 03:58:21 859] Finding Element By.partialLinkText: Home « ProtoTest</div>]]>
            </line>
            <line>
              <![CDATA[<div>DEBUG: [07-16-2014 03:58:22 120] Verification Passed : Element (By.partialLinkText: Home « ProtoTest) is visible </div>]]>
            </line>
            <line>
              <![CDATA[<div>DEBUG: [07-16-2014 03:58:22 123] Finding Element By.partialLinkText: asdfasdf</div>]]>
            </line>
            <line>
              <![CDATA[<div>DEBUG: [07-16-2014 03:58:23 319] Finding Element By.partialLinkText: asdfasdf</div>]]>
            </line>
            <line>
              <![CDATA[<div>DEBUG: [07-16-2014 03:58:24 553] Finding Element By.partialLinkText: asdfasdf</div>]]>
            </line>
            <line>
              <![CDATA[<div>DEBUG: [07-16-2014 03:58:25 738] Finding Element By.partialLinkText: asdfasdf</div>]]>
            </line>
            <line>
              <![CDATA[<div>DEBUG: [07-16-2014 03:58:26 947] Finding Element By.partialLinkText: asdfasdf</div>]]>
            </line>
            <line>
              <![CDATA[<div>DEBUG: [07-16-2014 03:58:28 127] Verification Passed : Element (By.partialLinkText: asdfasdf) is not present</div>]]>
            </line>
            <line>
              <![CDATA[<div>DEBUG: [07-16-2014 03:58:28 129] Finding Element By.partialLinkText: asdfasdf</div>]]>
            </line>
            <line>
              <![CDATA[<div>DEBUG: [07-16-2014 03:58:29 304] Finding Element By.partialLinkText: asdfasdf</div>]]>
            </line>
            <line>
              <![CDATA[<div>DEBUG: [07-16-2014 03:58:30 452] Finding Element By.partialLinkText: asdfasdf</div>]]>
            </line>
            <line>
              <![CDATA[<div>DEBUG: [07-16-2014 03:58:31 636] Finding Element By.partialLinkText: asdfasdf</div>]]>
            </line>
            <line>
              <![CDATA[<div>DEBUG: [07-16-2014 03:58:32 811] Finding Element By.partialLinkText: asdfasdf</div>]]>
            </line>
            <line>
              <![CDATA[<div>DEBUG: [07-16-2014 03:58:33 995] Verification Passed : Element (By.partialLinkText: asdfasdf) is not visible </div>]]>
            </line>
            <line>
              <![CDATA[<div>DEBUG: [07-16-2014 03:58:33 995] Finding Element By.partialLinkText: Home « ProtoTest</div>]]>
            </line>
            <line>
              <![CDATA[<div>DEBUG: [07-16-2014 03:58:34 207] Clicking Element [[ChromeDriver: chrome on WIN8_1 (b7684efd69745272fdca2973660c74c9)] -> partial link text: Home « ProtoTest]</div>]]>
            </line>
            <line>
              <![CDATA[<div style="background-color:red; color:white">ERROR: (07-16-2014 03:58:36 528) Test Failed, taking a screenshot</div>]]>
            </line>
            <line>
              <![CDATA[<img src="..\images\screenshot1969425405333986210.png"/>]]>
            </line>
          </reporter-output>
        </test-method> <!-- TestGoogle -->
        <test-method status="PASS" signature="browserTestAfterMethod(java.lang.reflect.Method)[pri:0, instance:com.prototest.appdriver.tests.GoogleTests@2f7c7260]" name="browserTestAfterMethod" is-config="true" duration-ms="1265" started-at="2014-07-16T15:58:36Z" finished-at="2014-07-16T15:58:38Z">
          <params>
            <param index="0">
              <value>
                <![CDATA[public void com.prototest.appdriver.tests.GoogleTests.TestGoogle()]]>
              </value>
            </param>
          </params>
          <reporter-output>
            <line>
              <![CDATA[<div style="color:Blue">INFO: [07-16-2014 03:58:36 860] Ending test TestGoogle</div>]]>
            </line>
            <line>
              <![CDATA[<div style="color:Blue">INFO: [07-16-2014 03:58:36 861] Running tearDown() after test</div>]]>
            </line>
          </reporter-output>
        </test-method> <!-- browserTestAfterMethod -->
      </class> <!-- com.prototest.appdriver.tests.GoogleTests -->
    </test> <!-- appdriver-parent -->
  </suite> <!-- Custom suite -->
</testng-results>
