<?xml version="1.0" encoding="UTF-8"?>
<testsuite name="appdriver-parent"
           tests="1"
           failures="1"
           errors="0"
           skipped="0"
           time="30.217">
  <properties />
            <testcase name="TestGoogle" time="30.217" classname="com.prototest.appdriver.tests.GoogleTests">
                <failure type="java.lang.AssertionError"
                  message="The test failed due to verification errors:
	Element (By.className: gbit) is not visible 	Element (By.className: gbts) is not visible "
              >
<![CDATA[java.lang.AssertionError: The test failed due to verification errors:
	Element (By.className: gbit) is not visible 	Element (By.className: gbts) is not visible 
  org.testng.Assert.fail(Assert.java:94)
  com.prototest.appdriver.Verifications.assertVerifications(Verifications.java:59)
  com.prototest.appdriver.VerificationsListener.run(VerificationsListener.java:14)
  sun.reflect.NativeMethodAccessorImpl.invoke0(Native Method)
  sun.reflect.NativeMethodAccessorImpl.invoke(NativeMethodAccessorImpl.java:62)
  sun.reflect.DelegatingMethodAccessorImpl.invoke(DelegatingMethodAccessorImpl.java:43)
  java.lang.reflect.Method.invoke(Method.java:483)
  org.testng.internal.MethodInvocationHelper.invokeHookable(MethodInvocationHelper.java:212)
  org.testng.internal.Invoker.invokeMethod(Invoker.java:707)
  org.testng.internal.Invoker.invokeTestMethod(Invoker.java:901)
  org.testng.internal.Invoker.invokeTestMethods(Invoker.java:1231)
  org.testng.internal.TestMethodWorker.invokeTestMethods(TestMethodWorker.java:127)
  org.testng.internal.TestMethodWorker.run(TestMethodWorker.java:111)
  org.testng.TestRunner.privateRun(TestRunner.java:767)
  org.testng.TestRunner.run(TestRunner.java:617)
  org.testng.SuiteRunner.runTest(SuiteRunner.java:334)
  org.testng.SuiteRunner.runSequentially(SuiteRunner.java:329)
  org.testng.SuiteRunner.privateRun(SuiteRunner.java:291)
  org.testng.SuiteRunner.run(SuiteRunner.java:240)
  org.testng.SuiteRunnerWorker.runSuite(SuiteRunnerWorker.java:52)
  org.testng.SuiteRunnerWorker.run(SuiteRunnerWorker.java:86)
  org.testng.TestNG.runSuitesSequentially(TestNG.java:1224)
  org.testng.TestNG.runSuitesLocally(TestNG.java:1149)
  org.testng.TestNG.run(TestNG.java:1057)
  org.testng.remote.RemoteTestNG.run(RemoteTestNG.java:111)
  org.testng.remote.RemoteTestNG.initAndRun(RemoteTestNG.java:204)
  org.testng.remote.RemoteTestNG.main(RemoteTestNG.java:175)
  org.testng.RemoteTestNGStarter.main(RemoteTestNGStarter.java:125)
  sun.reflect.NativeMethodAccessorImpl.invoke0(Native Method)
  sun.reflect.NativeMethodAccessorImpl.invoke(NativeMethodAccessorImpl.java:62)
  sun.reflect.DelegatingMethodAccessorImpl.invoke(DelegatingMethodAccessorImpl.java:43)
  java.lang.reflect.Method.invoke(Method.java:483)
  com.intellij.rt.execution.application.AppMain.main(AppMain.java:134)
]]>
      </failure>

          </testcase>
  
  
  
</testsuite>
